ARM GAS  C:\Users\student\AppData\Local\Temp\ccTHj8WH.s 			page 1


   1              		.syntax unified
   2              		.cpu cortex-m3
   3              		.fpu softvfp
   4              		.eabi_attribute 20, 1
   5              		.eabi_attribute 21, 1
   6              		.eabi_attribute 23, 3
   7              		.eabi_attribute 24, 1
   8              		.eabi_attribute 25, 1
   9              		.eabi_attribute 26, 1
  10              		.eabi_attribute 30, 1
  11              		.eabi_attribute 34, 1
  12              		.eabi_attribute 18, 4
  13              		.thumb
  14              		.file	"cymetadata.c"
  15              		.text
  16              	.Ltext0:
  17              		.cfi_sections	.debug_frame
  18              		.global	cy_metadata
  19              		.global	cy_meta_flashprotect
  20              		.global	cy_meta_wonvl
  21              		.global	cy_meta_custnvl
  22              		.global	cy_meta_configecc
  23              		.section	.cyconfigecc,"a",%progbits
  24              		.align	2
  25              		.type	cy_meta_configecc, %object
  26              		.size	cy_meta_configecc, 276
  27              	cy_meta_configecc:
  28 0000 01       		.byte	1
  29 0001 5B       		.byte	91
  30 0002 00       		.byte	0
  31 0003 40       		.byte	64
  32 0004 01       		.byte	1
  33 0005 09       		.byte	9
  34 0006 01       		.byte	1
  35 0007 40       		.byte	64
  36 0008 04       		.byte	4
  37 0009 0A       		.byte	10
  38 000a 01       		.byte	1
  39 000b 40       		.byte	64
  40 000c 01       		.byte	1
  41 000d 0B       		.byte	11
  42 000e 01       		.byte	1
  43 000f 40       		.byte	64
  44 0010 02       		.byte	2
  45 0011 15       		.byte	21
  46 0012 01       		.byte	1
  47 0013 40       		.byte	64
  48 0014 02       		.byte	2
  49 0015 1B       		.byte	27
  50 0016 01       		.byte	1
  51 0017 40       		.byte	64
  52 0018 05       		.byte	5
  53 0019 40       		.byte	64
  54 001a 01       		.byte	1
  55 001b 40       		.byte	64
  56 001c 04       		.byte	4
  57 001d 41       		.byte	65
ARM GAS  C:\Users\student\AppData\Local\Temp\ccTHj8WH.s 			page 2


  58 001e 01       		.byte	1
  59 001f 40       		.byte	64
  60 0020 04       		.byte	4
  61 0021 42       		.byte	66
  62 0022 01       		.byte	1
  63 0023 40       		.byte	64
  64 0024 04       		.byte	4
  65 0025 43       		.byte	67
  66 0026 01       		.byte	1
  67 0027 40       		.byte	64
  68 0028 02       		.byte	2
  69 0029 44       		.byte	68
  70 002a 01       		.byte	1
  71 002b 40       		.byte	64
  72 002c 01       		.byte	1
  73 002d 45       		.byte	69
  74 002e 01       		.byte	1
  75 002f 40       		.byte	64
  76 0030 03       		.byte	3
  77 0031 46       		.byte	70
  78 0032 01       		.byte	1
  79 0033 40       		.byte	64
  80 0034 03       		.byte	3
  81 0035 47       		.byte	71
  82 0036 01       		.byte	1
  83 0037 40       		.byte	64
  84 0038 08       		.byte	8
  85 0039 48       		.byte	72
  86 003a 01       		.byte	1
  87 003b 40       		.byte	64
  88 003c 09       		.byte	9
  89 003d 49       		.byte	73
  90 003e 01       		.byte	1
  91 003f 40       		.byte	64
  92 0040 05       		.byte	5
  93 0041 4C       		.byte	76
  94 0042 01       		.byte	1
  95 0043 40       		.byte	64
  96 0044 04       		.byte	4
  97 0045 4D       		.byte	77
  98 0046 01       		.byte	1
  99 0047 40       		.byte	64
 100 0048 01       		.byte	1
 101 0049 51       		.byte	81
 102 004a 01       		.byte	1
 103 004b 40       		.byte	64
 104 004c 2F       		.byte	47
 105 004d 84       		.byte	-124
 106 004e B5       		.byte	-75
 107 004f 02       		.byte	2
 108 0050 B8       		.byte	-72
 109 0051 02       		.byte	2
 110 0052 BE       		.byte	-66
 111 0053 01       		.byte	1
 112 0054 D8       		.byte	-40
 113 0055 04       		.byte	4
 114 0056 DF       		.byte	-33
ARM GAS  C:\Users\student\AppData\Local\Temp\ccTHj8WH.s 			page 3


 115 0057 01       		.byte	1
 116 0058 1D       		.byte	29
 117 0059 02       		.byte	2
 118 005a EC       		.byte	-20
 119 005b 30       		.byte	48
 120 005c EE       		.byte	-18
 121 005d 08       		.byte	8
 122 005e EC       		.byte	-20
 123 005f 30       		.byte	48
 124 0060 EE       		.byte	-18
 125 0061 08       		.byte	8
 126 0062 32       		.byte	50
 127 0063 04       		.byte	4
 128 0064 33       		.byte	51
 129 0065 20       		.byte	32
 130 0066 35       		.byte	53
 131 0067 40       		.byte	64
 132 0068 36       		.byte	54
 133 0069 08       		.byte	8
 134 006a CC       		.byte	-52
 135 006b F0       		.byte	-16
 136 006c 96       		.byte	-106
 137 006d 08       		.byte	8
 138 006e 9D       		.byte	-99
 139 006f 40       		.byte	64
 140 0070 A6       		.byte	-90
 141 0071 08       		.byte	8
 142 0072 A7       		.byte	-89
 143 0073 20       		.byte	32
 144 0074 96       		.byte	-106
 145 0075 08       		.byte	8
 146 0076 9D       		.byte	-99
 147 0077 40       		.byte	64
 148 0078 A6       		.byte	-90
 149 0079 08       		.byte	8
 150 007a A7       		.byte	-89
 151 007b 20       		.byte	32
 152 007c 96       		.byte	-106
 153 007d 08       		.byte	8
 154 007e 9D       		.byte	-99
 155 007f 40       		.byte	64
 156 0080 A6       		.byte	-90
 157 0081 08       		.byte	8
 158 0082 A7       		.byte	-89
 159 0083 20       		.byte	32
 160 0084 7C       		.byte	124
 161 0085 01       		.byte	1
 162 0086 DE       		.byte	-34
 163 0087 01       		.byte	1
 164 0088 94       		.byte	-108
 165 0089 01       		.byte	1
 166 008a 45       		.byte	69
 167 008b 08       		.byte	8
 168 008c 94       		.byte	-108
 169 008d 01       		.byte	1
 170 008e D0       		.byte	-48
 171 008f 01       		.byte	1
ARM GAS  C:\Users\student\AppData\Local\Temp\ccTHj8WH.s 			page 4


 172 0090 A5       		.byte	-91
 173 0091 08       		.byte	8
 174 0092 B4       		.byte	-76
 175 0093 01       		.byte	1
 176 0094 EC       		.byte	-20
 177 0095 08       		.byte	8
 178 0096 20       		.byte	32
 179 0097 80       		.byte	-128
 180 0098 25       		.byte	37
 181 0099 10       		.byte	16
 182 009a 26       		.byte	38
 183 009b 08       		.byte	8
 184 009c 96       		.byte	-106
 185 009d 08       		.byte	8
 186 009e 9D       		.byte	-99
 187 009f 40       		.byte	64
 188 00a0 A6       		.byte	-90
 189 00a1 08       		.byte	8
 190 00a2 A7       		.byte	-89
 191 00a3 20       		.byte	32
 192 00a4 C8       		.byte	-56
 193 00a5 E0       		.byte	-32
 194 00a6 1A       		.byte	26
 195 00a7 08       		.byte	8
 196 00a8 1D       		.byte	29
 197 00a9 40       		.byte	64
 198 00aa 96       		.byte	-106
 199 00ab 08       		.byte	8
 200 00ac 9D       		.byte	-99
 201 00ad 40       		.byte	64
 202 00ae AF       		.byte	-81
 203 00af 20       		.byte	32
 204 00b0 B0       		.byte	-80
 205 00b1 40       		.byte	64
 206 00b2 B5       		.byte	-75
 207 00b3 10       		.byte	16
 208 00b4 C6       		.byte	-58
 209 00b5 C0       		.byte	-64
 210 00b6 EE       		.byte	-18
 211 00b7 10       		.byte	16
 212 00b8 1F       		.byte	31
 213 00b9 80       		.byte	-128
 214 00ba 34       		.byte	52
 215 00bb 01       		.byte	1
 216 00bc A5       		.byte	-91
 217 00bd 08       		.byte	8
 218 00be C6       		.byte	-58
 219 00bf 01       		.byte	1
 220 00c0 CC       		.byte	-52
 221 00c1 01       		.byte	1
 222 00c2 AF       		.byte	-81
 223 00c3 80       		.byte	-128
 224 00c4 B0       		.byte	-80
 225 00c5 01       		.byte	1
 226 00c6 B5       		.byte	-75
 227 00c7 08       		.byte	8
 228 00c8 EC       		.byte	-20
ARM GAS  C:\Users\student\AppData\Local\Temp\ccTHj8WH.s 			page 5


 229 00c9 0C       		.byte	12
 230 00ca 00       		.byte	0
 231 00cb FF       		.byte	-1
 232 00cc 00       		.byte	0
 233 00cd 00       		.byte	0
 234 00ce 00       		.byte	0
 235 00cf 00       		.byte	0
 236 00d0 00       		.byte	0
 237 00d1 00       		.byte	0
 238 00d2 44       		.byte	68
 239 00d3 00       		.byte	0
 240 00d4 01       		.byte	1
 241 00d5 00       		.byte	0
 242 00d6 00       		.byte	0
 243 00d7 01       		.byte	1
 244 00d8 01       		.byte	1
 245 00d9 00       		.byte	0
 246 00da 00       		.byte	0
 247 00db 00       		.byte	0
 248 00dc 00       		.byte	0
 249 00dd 00       		.byte	0
 250 00de 00       		.byte	0
 251 00df 00       		.byte	0
 252 00e0 20       		.byte	32
 253 00e1 00       		.byte	0
 254 00e2 20       		.byte	32
 255 00e3 20       		.byte	32
 256 00e4 00       		.byte	0
 257 00e5 00       		.byte	0
 258 00e6 00       		.byte	0
 259 00e7 00       		.byte	0
 260 00e8 00       		.byte	0
 261 00e9 00       		.byte	0
 262 00ea 00       		.byte	0
 263 00eb 00       		.byte	0
 264 00ec 00       		.byte	0
 265 00ed 7F       		.byte	127
 266 00ee 7F       		.byte	127
 267 00ef 00       		.byte	0
 268 00f0 00       		.byte	0
 269 00f1 00       		.byte	0
 270 00f2 00       		.byte	0
 271 00f3 00       		.byte	0
 272 00f4 20       		.byte	32
 273 00f5 20       		.byte	32
 274 00f6 00       		.byte	0
 275 00f7 00       		.byte	0
 276 00f8 00       		.byte	0
 277 00f9 00       		.byte	0
 278 00fa C4       		.byte	-60
 279 00fb 00       		.byte	0
 280 00fc 00       		.byte	0
 281 00fd 04       		.byte	4
 282 00fe 04       		.byte	4
 283 00ff 00       		.byte	0
 284 0100 00       		.byte	0
 285 0101 00       		.byte	0
ARM GAS  C:\Users\student\AppData\Local\Temp\ccTHj8WH.s 			page 6


 286 0102 00       		.byte	0
 287 0103 00       		.byte	0
 288 0104 02       		.byte	2
 289 0105 00       		.byte	0
 290 0106 42       		.byte	66
 291 0107 4E       		.byte	78
 292 0108 0C       		.byte	12
 293 0109 00       		.byte	0
 294 010a 00       		.byte	0
 295 010b 00       		.byte	0
 296 010c 00       		.byte	0
 297 010d 00       		.byte	0
 298 010e 00       		.byte	0
 299 010f 00       		.byte	0
 300 0110 B6       		.byte	-74
 301 0111 00       		.byte	0
 302 0112 18       		.byte	24
 303 0113 01       		.byte	1
 304              		.section	.cywolatch,"a",%progbits
 305              		.align	2
 306              		.type	cy_meta_wonvl, %object
 307              		.size	cy_meta_wonvl, 4
 308              	cy_meta_wonvl:
 309 0000 BC       		.byte	-68
 310 0001 90       		.byte	-112
 311 0002 AC       		.byte	-84
 312 0003 AF       		.byte	-81
 313              		.section	.cycustnvl,"a",%progbits
 314              		.align	2
 315              		.type	cy_meta_custnvl, %object
 316              		.size	cy_meta_custnvl, 4
 317              	cy_meta_custnvl:
 318 0000 00       		.byte	0
 319 0001 00       		.byte	0
 320 0002 40       		.byte	64
 321 0003 05       		.byte	5
 322              		.section	.cymeta,"a",%progbits
 323              		.align	2
 324              		.type	cy_metadata, %object
 325              		.size	cy_metadata, 12
 326              	cy_metadata:
 327 0000 00       		.byte	0
 328 0001 01       		.byte	1
 329 0002 2E       		.byte	46
 330 0003 12       		.byte	18
 331 0004 30       		.byte	48
 332 0005 69       		.byte	105
 333 0006 00       		.byte	0
 334 0007 01       		.byte	1
 335 0008 00       		.byte	0
 336 0009 00       		.byte	0
 337 000a 00       		.byte	0
 338 000b 00       		.byte	0
 339              		.section	.cyflashprotect,"a",%progbits
 340              		.align	2
 341              		.type	cy_meta_flashprotect, %object
 342              		.size	cy_meta_flashprotect, 256
ARM GAS  C:\Users\student\AppData\Local\Temp\ccTHj8WH.s 			page 7


 343              	cy_meta_flashprotect:
 344 0000 00000000 		.space	256
 344      00000000 
 344      00000000 
 344      00000000 
 344      00000000 
 345              		.text
 346              	.Letext0:
 347              		.file 1 ".\\Generated_Source\\PSoC5\\cymetadata.c"
 348              		.file 2 ".\\Generated_Source\\PSoC5\\cytypes.h"
 349              		.section	.debug_info,"",%progbits
 350              	.Ldebug_info0:
 351 0000 37010000 		.4byte	0x137
 352 0004 0400     		.2byte	0x4
 353 0006 00000000 		.4byte	.Ldebug_abbrev0
 354 000a 04       		.byte	0x4
 355 000b 01       		.uleb128 0x1
 356 000c C2000000 		.4byte	.LASF18
 357 0010 01       		.byte	0x1
 358 0011 00000000 		.4byte	.LASF19
 359 0015 72000000 		.4byte	.LASF20
 360 0019 00000000 		.4byte	.Ldebug_line0
 361 001d 02       		.uleb128 0x2
 362 001e 01       		.byte	0x1
 363 001f 06       		.byte	0x6
 364 0020 CC010000 		.4byte	.LASF0
 365 0024 02       		.uleb128 0x2
 366 0025 01       		.byte	0x1
 367 0026 08       		.byte	0x8
 368 0027 38000000 		.4byte	.LASF1
 369 002b 02       		.uleb128 0x2
 370 002c 02       		.byte	0x2
 371 002d 05       		.byte	0x5
 372 002e B3010000 		.4byte	.LASF2
 373 0032 02       		.uleb128 0x2
 374 0033 02       		.byte	0x2
 375 0034 07       		.byte	0x7
 376 0035 58000000 		.4byte	.LASF3
 377 0039 02       		.uleb128 0x2
 378 003a 04       		.byte	0x4
 379 003b 05       		.byte	0x5
 380 003c C3010000 		.4byte	.LASF4
 381 0040 02       		.uleb128 0x2
 382 0041 04       		.byte	0x4
 383 0042 07       		.byte	0x7
 384 0043 46000000 		.4byte	.LASF5
 385 0047 02       		.uleb128 0x2
 386 0048 08       		.byte	0x8
 387 0049 05       		.byte	0x5
 388 004a A0010000 		.4byte	.LASF6
 389 004e 02       		.uleb128 0x2
 390 004f 08       		.byte	0x8
 391 0050 07       		.byte	0x7
 392 0051 5D010000 		.4byte	.LASF7
 393 0055 03       		.uleb128 0x3
 394 0056 04       		.byte	0x4
 395 0057 05       		.byte	0x5
ARM GAS  C:\Users\student\AppData\Local\Temp\ccTHj8WH.s 			page 8


 396 0058 696E7400 		.ascii	"int\000"
 397 005c 02       		.uleb128 0x2
 398 005d 04       		.byte	0x4
 399 005e 07       		.byte	0x7
 400 005f 50010000 		.4byte	.LASF8
 401 0063 04       		.uleb128 0x4
 402 0064 BD010000 		.4byte	.LASF21
 403 0068 02       		.byte	0x2
 404 0069 9201     		.2byte	0x192
 405 006b 24000000 		.4byte	0x24
 406 006f 02       		.uleb128 0x2
 407 0070 04       		.byte	0x4
 408 0071 04       		.byte	0x4
 409 0072 32000000 		.4byte	.LASF9
 410 0076 02       		.uleb128 0x2
 411 0077 08       		.byte	0x8
 412 0078 04       		.byte	0x4
 413 0079 6B000000 		.4byte	.LASF10
 414 007d 02       		.uleb128 0x2
 415 007e 01       		.byte	0x1
 416 007f 08       		.byte	0x8
 417 0080 AE010000 		.4byte	.LASF11
 418 0084 05       		.uleb128 0x5
 419 0085 63000000 		.4byte	0x63
 420 0089 95000000 		.4byte	0x95
 421 008d 06       		.uleb128 0x6
 422 008e 95000000 		.4byte	0x95
 423 0092 1301     		.2byte	0x113
 424 0094 00       		.byte	0
 425 0095 02       		.uleb128 0x2
 426 0096 04       		.byte	0x4
 427 0097 07       		.byte	0x7
 428 0098 97010000 		.4byte	.LASF12
 429 009c 07       		.uleb128 0x7
 430 009d B0000000 		.4byte	.LASF13
 431 00a1 01       		.byte	0x1
 432 00a2 1F       		.byte	0x1f
 433 00a3 AD000000 		.4byte	0xad
 434 00a7 05       		.uleb128 0x5
 435 00a8 03       		.byte	0x3
 436 00a9 00000000 		.4byte	cy_meta_configecc
 437 00ad 08       		.uleb128 0x8
 438 00ae 84000000 		.4byte	0x84
 439 00b2 05       		.uleb128 0x5
 440 00b3 63000000 		.4byte	0x63
 441 00b7 C2000000 		.4byte	0xc2
 442 00bb 09       		.uleb128 0x9
 443 00bc 95000000 		.4byte	0x95
 444 00c0 03       		.byte	0x3
 445 00c1 00       		.byte	0
 446 00c2 07       		.uleb128 0x7
 447 00c3 A0000000 		.4byte	.LASF14
 448 00c7 01       		.byte	0x1
 449 00c8 4F       		.byte	0x4f
 450 00c9 D3000000 		.4byte	0xd3
 451 00cd 05       		.uleb128 0x5
 452 00ce 03       		.byte	0x3
ARM GAS  C:\Users\student\AppData\Local\Temp\ccTHj8WH.s 			page 9


 453 00cf 00000000 		.4byte	cy_meta_custnvl
 454 00d3 08       		.uleb128 0x8
 455 00d4 B2000000 		.4byte	0xb2
 456 00d8 07       		.uleb128 0x7
 457 00d9 89010000 		.4byte	.LASF15
 458 00dd 01       		.byte	0x1
 459 00de 5D       		.byte	0x5d
 460 00df E9000000 		.4byte	0xe9
 461 00e3 05       		.uleb128 0x5
 462 00e4 03       		.byte	0x3
 463 00e5 00000000 		.4byte	cy_meta_wonvl
 464 00e9 08       		.uleb128 0x8
 465 00ea B2000000 		.4byte	0xb2
 466 00ee 05       		.uleb128 0x5
 467 00ef 63000000 		.4byte	0x63
 468 00f3 FE000000 		.4byte	0xfe
 469 00f7 09       		.uleb128 0x9
 470 00f8 95000000 		.4byte	0x95
 471 00fc FF       		.byte	0xff
 472 00fd 00       		.byte	0
 473 00fe 07       		.uleb128 0x7
 474 00ff 74010000 		.4byte	.LASF16
 475 0103 01       		.byte	0x1
 476 0104 6B       		.byte	0x6b
 477 0105 0F010000 		.4byte	0x10f
 478 0109 05       		.uleb128 0x5
 479 010a 03       		.byte	0x3
 480 010b 00000000 		.4byte	cy_meta_flashprotect
 481 010f 08       		.uleb128 0x8
 482 0110 EE000000 		.4byte	0xee
 483 0114 05       		.uleb128 0x5
 484 0115 63000000 		.4byte	0x63
 485 0119 24010000 		.4byte	0x124
 486 011d 09       		.uleb128 0x9
 487 011e 95000000 		.4byte	0x95
 488 0122 0B       		.byte	0xb
 489 0123 00       		.byte	0
 490 0124 07       		.uleb128 0x7
 491 0125 26000000 		.4byte	.LASF17
 492 0129 01       		.byte	0x1
 493 012a 98       		.byte	0x98
 494 012b 35010000 		.4byte	0x135
 495 012f 05       		.uleb128 0x5
 496 0130 03       		.byte	0x3
 497 0131 00000000 		.4byte	cy_metadata
 498 0135 08       		.uleb128 0x8
 499 0136 14010000 		.4byte	0x114
 500 013a 00       		.byte	0
 501              		.section	.debug_abbrev,"",%progbits
 502              	.Ldebug_abbrev0:
 503 0000 01       		.uleb128 0x1
 504 0001 11       		.uleb128 0x11
 505 0002 01       		.byte	0x1
 506 0003 25       		.uleb128 0x25
 507 0004 0E       		.uleb128 0xe
 508 0005 13       		.uleb128 0x13
 509 0006 0B       		.uleb128 0xb
ARM GAS  C:\Users\student\AppData\Local\Temp\ccTHj8WH.s 			page 10


 510 0007 03       		.uleb128 0x3
 511 0008 0E       		.uleb128 0xe
 512 0009 1B       		.uleb128 0x1b
 513 000a 0E       		.uleb128 0xe
 514 000b 10       		.uleb128 0x10
 515 000c 17       		.uleb128 0x17
 516 000d 00       		.byte	0
 517 000e 00       		.byte	0
 518 000f 02       		.uleb128 0x2
 519 0010 24       		.uleb128 0x24
 520 0011 00       		.byte	0
 521 0012 0B       		.uleb128 0xb
 522 0013 0B       		.uleb128 0xb
 523 0014 3E       		.uleb128 0x3e
 524 0015 0B       		.uleb128 0xb
 525 0016 03       		.uleb128 0x3
 526 0017 0E       		.uleb128 0xe
 527 0018 00       		.byte	0
 528 0019 00       		.byte	0
 529 001a 03       		.uleb128 0x3
 530 001b 24       		.uleb128 0x24
 531 001c 00       		.byte	0
 532 001d 0B       		.uleb128 0xb
 533 001e 0B       		.uleb128 0xb
 534 001f 3E       		.uleb128 0x3e
 535 0020 0B       		.uleb128 0xb
 536 0021 03       		.uleb128 0x3
 537 0022 08       		.uleb128 0x8
 538 0023 00       		.byte	0
 539 0024 00       		.byte	0
 540 0025 04       		.uleb128 0x4
 541 0026 16       		.uleb128 0x16
 542 0027 00       		.byte	0
 543 0028 03       		.uleb128 0x3
 544 0029 0E       		.uleb128 0xe
 545 002a 3A       		.uleb128 0x3a
 546 002b 0B       		.uleb128 0xb
 547 002c 3B       		.uleb128 0x3b
 548 002d 05       		.uleb128 0x5
 549 002e 49       		.uleb128 0x49
 550 002f 13       		.uleb128 0x13
 551 0030 00       		.byte	0
 552 0031 00       		.byte	0
 553 0032 05       		.uleb128 0x5
 554 0033 01       		.uleb128 0x1
 555 0034 01       		.byte	0x1
 556 0035 49       		.uleb128 0x49
 557 0036 13       		.uleb128 0x13
 558 0037 01       		.uleb128 0x1
 559 0038 13       		.uleb128 0x13
 560 0039 00       		.byte	0
 561 003a 00       		.byte	0
 562 003b 06       		.uleb128 0x6
 563 003c 21       		.uleb128 0x21
 564 003d 00       		.byte	0
 565 003e 49       		.uleb128 0x49
 566 003f 13       		.uleb128 0x13
ARM GAS  C:\Users\student\AppData\Local\Temp\ccTHj8WH.s 			page 11


 567 0040 2F       		.uleb128 0x2f
 568 0041 05       		.uleb128 0x5
 569 0042 00       		.byte	0
 570 0043 00       		.byte	0
 571 0044 07       		.uleb128 0x7
 572 0045 34       		.uleb128 0x34
 573 0046 00       		.byte	0
 574 0047 03       		.uleb128 0x3
 575 0048 0E       		.uleb128 0xe
 576 0049 3A       		.uleb128 0x3a
 577 004a 0B       		.uleb128 0xb
 578 004b 3B       		.uleb128 0x3b
 579 004c 0B       		.uleb128 0xb
 580 004d 49       		.uleb128 0x49
 581 004e 13       		.uleb128 0x13
 582 004f 3F       		.uleb128 0x3f
 583 0050 19       		.uleb128 0x19
 584 0051 02       		.uleb128 0x2
 585 0052 18       		.uleb128 0x18
 586 0053 00       		.byte	0
 587 0054 00       		.byte	0
 588 0055 08       		.uleb128 0x8
 589 0056 26       		.uleb128 0x26
 590 0057 00       		.byte	0
 591 0058 49       		.uleb128 0x49
 592 0059 13       		.uleb128 0x13
 593 005a 00       		.byte	0
 594 005b 00       		.byte	0
 595 005c 09       		.uleb128 0x9
 596 005d 21       		.uleb128 0x21
 597 005e 00       		.byte	0
 598 005f 49       		.uleb128 0x49
 599 0060 13       		.uleb128 0x13
 600 0061 2F       		.uleb128 0x2f
 601 0062 0B       		.uleb128 0xb
 602 0063 00       		.byte	0
 603 0064 00       		.byte	0
 604 0065 00       		.byte	0
 605              		.section	.debug_aranges,"",%progbits
 606 0000 14000000 		.4byte	0x14
 607 0004 0200     		.2byte	0x2
 608 0006 00000000 		.4byte	.Ldebug_info0
 609 000a 04       		.byte	0x4
 610 000b 00       		.byte	0
 611 000c 0000     		.2byte	0
 612 000e 0000     		.2byte	0
 613 0010 00000000 		.4byte	0
 614 0014 00000000 		.4byte	0
 615              		.section	.debug_line,"",%progbits
 616              	.Ldebug_line0:
 617 0000 4F000000 		.section	.debug_str,"MS",%progbits,1
 617      02004900 
 617      00000201 
 617      FB0E0D00 
 617      01010101 
 618              	.LASF19:
 619 0000 2E5C4765 		.ascii	".\\Generated_Source\\PSoC5\\cymetadata.c\000"
ARM GAS  C:\Users\student\AppData\Local\Temp\ccTHj8WH.s 			page 12


 619      6E657261 
 619      7465645F 
 619      536F7572 
 619      63655C50 
 620              	.LASF17:
 621 0026 63795F6D 		.ascii	"cy_metadata\000"
 621      65746164 
 621      61746100 
 622              	.LASF9:
 623 0032 666C6F61 		.ascii	"float\000"
 623      7400
 624              	.LASF1:
 625 0038 756E7369 		.ascii	"unsigned char\000"
 625      676E6564 
 625      20636861 
 625      7200
 626              	.LASF5:
 627 0046 6C6F6E67 		.ascii	"long unsigned int\000"
 627      20756E73 
 627      69676E65 
 627      6420696E 
 627      7400
 628              	.LASF3:
 629 0058 73686F72 		.ascii	"short unsigned int\000"
 629      7420756E 
 629      7369676E 
 629      65642069 
 629      6E7400
 630              	.LASF10:
 631 006b 646F7562 		.ascii	"double\000"
 631      6C6500
 632              	.LASF20:
 633 0072 453A5C66 		.ascii	"E:\\final project\\Workspace01\\Jazzy_Dude.cydsn\000"
 633      696E616C 
 633      2070726F 
 633      6A656374 
 633      5C576F72 
 634              	.LASF14:
 635 00a0 63795F6D 		.ascii	"cy_meta_custnvl\000"
 635      6574615F 
 635      63757374 
 635      6E766C00 
 636              	.LASF13:
 637 00b0 63795F6D 		.ascii	"cy_meta_configecc\000"
 637      6574615F 
 637      636F6E66 
 637      69676563 
 637      6300
 638              	.LASF18:
 639 00c2 474E5520 		.ascii	"GNU C 4.9.3 20150303 (release) [ARM/embedded-4_9-br"
 639      4320342E 
 639      392E3320 
 639      32303135 
 639      30333033 
 640 00f5 616E6368 		.ascii	"anch revision 221220] -mcpu=cortex-m3 -mthumb -g -O"
 640      20726576 
 640      6973696F 
ARM GAS  C:\Users\student\AppData\Local\Temp\ccTHj8WH.s 			page 13


 640      6E203232 
 640      31323230 
 641 0128 67202D66 		.ascii	"g -ffunction-sections -ffat-lto-objects\000"
 641      66756E63 
 641      74696F6E 
 641      2D736563 
 641      74696F6E 
 642              	.LASF8:
 643 0150 756E7369 		.ascii	"unsigned int\000"
 643      676E6564 
 643      20696E74 
 643      00
 644              	.LASF7:
 645 015d 6C6F6E67 		.ascii	"long long unsigned int\000"
 645      206C6F6E 
 645      6720756E 
 645      7369676E 
 645      65642069 
 646              	.LASF16:
 647 0174 63795F6D 		.ascii	"cy_meta_flashprotect\000"
 647      6574615F 
 647      666C6173 
 647      6870726F 
 647      74656374 
 648              	.LASF15:
 649 0189 63795F6D 		.ascii	"cy_meta_wonvl\000"
 649      6574615F 
 649      776F6E76 
 649      6C00
 650              	.LASF12:
 651 0197 73697A65 		.ascii	"sizetype\000"
 651      74797065 
 651      00
 652              	.LASF6:
 653 01a0 6C6F6E67 		.ascii	"long long int\000"
 653      206C6F6E 
 653      6720696E 
 653      7400
 654              	.LASF11:
 655 01ae 63686172 		.ascii	"char\000"
 655      00
 656              	.LASF2:
 657 01b3 73686F72 		.ascii	"short int\000"
 657      7420696E 
 657      7400
 658              	.LASF21:
 659 01bd 75696E74 		.ascii	"uint8\000"
 659      3800
 660              	.LASF4:
 661 01c3 6C6F6E67 		.ascii	"long int\000"
 661      20696E74 
 661      00
 662              	.LASF0:
 663 01cc 7369676E 		.ascii	"signed char\000"
 663      65642063 
 663      68617200 
 664              		.ident	"GCC: (GNU Tools for ARM Embedded Processors) 4.9.3 20150303 (release) [ARM/embedded-4_9-br
ARM GAS  C:\Users\student\AppData\Local\Temp\ccTHj8WH.s 			page 14


