ARM GAS  C:\Users\student\AppData\Local\Temp\ccDo4gUc.s 			page 1


   1              		.syntax unified
   2              		.cpu cortex-m3
   3              		.fpu softvfp
   4              		.eabi_attribute 20, 1
   5              		.eabi_attribute 21, 1
   6              		.eabi_attribute 23, 3
   7              		.eabi_attribute 24, 1
   8              		.eabi_attribute 25, 1
   9              		.eabi_attribute 26, 1
  10              		.eabi_attribute 30, 1
  11              		.eabi_attribute 34, 1
  12              		.eabi_attribute 18, 4
  13              		.thumb
  14              		.file	"dac.c"
  15              		.text
  16              	.Ltext0:
  17              		.cfi_sections	.debug_frame
  18              		.section	.text.dac_Enable,"ax",%progbits
  19              		.align	2
  20              		.global	dac_Enable
  21              		.thumb
  22              		.thumb_func
  23              		.type	dac_Enable, %function
  24              	dac_Enable:
  25              	.LFB1:
  26              		.file 1 ".\\Generated_Source\\PSoC5\\dac.c"
   1:.\Generated_Source\PSoC5/dac.c **** /*******************************************************************************
   2:.\Generated_Source\PSoC5/dac.c **** * File Name: dac.c
   3:.\Generated_Source\PSoC5/dac.c **** * Version 2.10
   4:.\Generated_Source\PSoC5/dac.c **** *
   5:.\Generated_Source\PSoC5/dac.c **** * Description:
   6:.\Generated_Source\PSoC5/dac.c **** *  This file provides the source code for the 8-bit Waveform DAC 
   7:.\Generated_Source\PSoC5/dac.c **** *  (WaveDAC8) Component.
   8:.\Generated_Source\PSoC5/dac.c **** *
   9:.\Generated_Source\PSoC5/dac.c **** ********************************************************************************
  10:.\Generated_Source\PSoC5/dac.c **** * Copyright 2013, Cypress Semiconductor Corporation.  All rights reserved.
  11:.\Generated_Source\PSoC5/dac.c **** * You may use this file only in accordance with the license, terms, conditions,
  12:.\Generated_Source\PSoC5/dac.c **** * disclaimers, and limitations in the end user license agreement accompanying
  13:.\Generated_Source\PSoC5/dac.c **** * the software package with which this file was provided.
  14:.\Generated_Source\PSoC5/dac.c **** *******************************************************************************/
  15:.\Generated_Source\PSoC5/dac.c **** 
  16:.\Generated_Source\PSoC5/dac.c **** #include "dac.h"
  17:.\Generated_Source\PSoC5/dac.c **** 
  18:.\Generated_Source\PSoC5/dac.c **** uint8  dac_initVar = 0u;
  19:.\Generated_Source\PSoC5/dac.c **** 
  20:.\Generated_Source\PSoC5/dac.c **** const uint8 CYCODE dac_wave1[dac_WAVE1_LENGTH] = { 102u,72u,38u,19u,12u,4u,0u,7u,15u,21u,30u,48u,69
  21:.\Generated_Source\PSoC5/dac.c **** const uint8 CYCODE dac_wave2[dac_WAVE2_LENGTH] = { 128u,132u,137u,141u,146u,150u,155u,159u,164u,168
  22:.\Generated_Source\PSoC5/dac.c **** 
  23:.\Generated_Source\PSoC5/dac.c **** static uint8  dac_Wave1Chan;
  24:.\Generated_Source\PSoC5/dac.c **** static uint8  dac_Wave2Chan;
  25:.\Generated_Source\PSoC5/dac.c **** static uint8  dac_Wave1TD;
  26:.\Generated_Source\PSoC5/dac.c **** static uint8  dac_Wave2TD;
  27:.\Generated_Source\PSoC5/dac.c **** 
  28:.\Generated_Source\PSoC5/dac.c **** 
  29:.\Generated_Source\PSoC5/dac.c **** /*******************************************************************************
  30:.\Generated_Source\PSoC5/dac.c **** * Function Name: dac_Init
  31:.\Generated_Source\PSoC5/dac.c **** ********************************************************************************
ARM GAS  C:\Users\student\AppData\Local\Temp\ccDo4gUc.s 			page 2


  32:.\Generated_Source\PSoC5/dac.c **** *
  33:.\Generated_Source\PSoC5/dac.c **** * Summary:
  34:.\Generated_Source\PSoC5/dac.c **** *  Initializes component with parameters set in the customizer.
  35:.\Generated_Source\PSoC5/dac.c **** *
  36:.\Generated_Source\PSoC5/dac.c **** * Parameters:  
  37:.\Generated_Source\PSoC5/dac.c **** *  None
  38:.\Generated_Source\PSoC5/dac.c **** *
  39:.\Generated_Source\PSoC5/dac.c **** * Return: 
  40:.\Generated_Source\PSoC5/dac.c **** *  None
  41:.\Generated_Source\PSoC5/dac.c **** *
  42:.\Generated_Source\PSoC5/dac.c **** *******************************************************************************/
  43:.\Generated_Source\PSoC5/dac.c **** void dac_Init(void) 
  44:.\Generated_Source\PSoC5/dac.c **** {
  45:.\Generated_Source\PSoC5/dac.c **** 	dac_VDAC8_Init();
  46:.\Generated_Source\PSoC5/dac.c **** 	dac_VDAC8_SetSpeed(dac_HIGHSPEED);
  47:.\Generated_Source\PSoC5/dac.c **** 	dac_VDAC8_SetRange(dac_DAC_RANGE);
  48:.\Generated_Source\PSoC5/dac.c **** 
  49:.\Generated_Source\PSoC5/dac.c **** 	#if(dac_DAC_MODE == dac_CURRENT_MODE)
  50:.\Generated_Source\PSoC5/dac.c **** 		dac_IDAC8_SetPolarity(dac_DAC_POL);
  51:.\Generated_Source\PSoC5/dac.c **** 	#endif /* dac_DAC_MODE == dac_CURRENT_MODE */
  52:.\Generated_Source\PSoC5/dac.c **** 
  53:.\Generated_Source\PSoC5/dac.c **** 	#if(dac_OUT_MODE == dac_BUFFER_MODE)
  54:.\Generated_Source\PSoC5/dac.c **** 	   dac_BuffAmp_Init();
  55:.\Generated_Source\PSoC5/dac.c **** 	#endif /* dac_OUT_MODE == dac_BUFFER_MODE */
  56:.\Generated_Source\PSoC5/dac.c **** 
  57:.\Generated_Source\PSoC5/dac.c **** 	/* Get the TD Number for the DMA channel 1 and 2   */
  58:.\Generated_Source\PSoC5/dac.c **** 	dac_Wave1TD = CyDmaTdAllocate();
  59:.\Generated_Source\PSoC5/dac.c **** 	dac_Wave2TD = CyDmaTdAllocate();
  60:.\Generated_Source\PSoC5/dac.c **** 	
  61:.\Generated_Source\PSoC5/dac.c **** 	/* Initialize waveform pointers  */
  62:.\Generated_Source\PSoC5/dac.c **** 	dac_Wave1Setup(dac_wave1, dac_WAVE1_LENGTH) ;
  63:.\Generated_Source\PSoC5/dac.c **** 	dac_Wave2Setup(dac_wave2, dac_WAVE2_LENGTH) ;
  64:.\Generated_Source\PSoC5/dac.c **** 	
  65:.\Generated_Source\PSoC5/dac.c **** 	/* Initialize the internal clock if one present  */
  66:.\Generated_Source\PSoC5/dac.c **** 	#if defined(dac_DacClk_PHASE)
  67:.\Generated_Source\PSoC5/dac.c **** 	   dac_DacClk_SetPhase(dac_CLK_PHASE_0nS);
  68:.\Generated_Source\PSoC5/dac.c **** 	#endif /* defined(dac_DacClk_PHASE) */
  69:.\Generated_Source\PSoC5/dac.c **** }
  70:.\Generated_Source\PSoC5/dac.c **** 
  71:.\Generated_Source\PSoC5/dac.c **** 
  72:.\Generated_Source\PSoC5/dac.c **** /*******************************************************************************
  73:.\Generated_Source\PSoC5/dac.c **** * Function Name: dac_Enable
  74:.\Generated_Source\PSoC5/dac.c **** ********************************************************************************
  75:.\Generated_Source\PSoC5/dac.c **** *  
  76:.\Generated_Source\PSoC5/dac.c **** * Summary: 
  77:.\Generated_Source\PSoC5/dac.c **** *  Enables the DAC block and DMA operation.
  78:.\Generated_Source\PSoC5/dac.c **** *
  79:.\Generated_Source\PSoC5/dac.c **** * Parameters:  
  80:.\Generated_Source\PSoC5/dac.c **** *  None
  81:.\Generated_Source\PSoC5/dac.c **** *
  82:.\Generated_Source\PSoC5/dac.c **** * Return: 
  83:.\Generated_Source\PSoC5/dac.c **** *  None
  84:.\Generated_Source\PSoC5/dac.c **** *
  85:.\Generated_Source\PSoC5/dac.c **** *******************************************************************************/
  86:.\Generated_Source\PSoC5/dac.c **** void dac_Enable(void) 
  87:.\Generated_Source\PSoC5/dac.c **** {
  27              		.loc 1 87 0
ARM GAS  C:\Users\student\AppData\Local\Temp\ccDo4gUc.s 			page 3


  28              		.cfi_startproc
  29              		@ args = 0, pretend = 0, frame = 0
  30              		@ frame_needed = 0, uses_anonymous_args = 0
  31 0000 10B5     		push	{r4, lr}
  32              		.cfi_def_cfa_offset 8
  33              		.cfi_offset 4, -8
  34              		.cfi_offset 14, -4
  88:.\Generated_Source\PSoC5/dac.c **** 	dac_VDAC8_Enable();
  35              		.loc 1 88 0
  36 0002 FFF7FEFF 		bl	dac_VDAC8_Enable
  37              	.LVL0:
  89:.\Generated_Source\PSoC5/dac.c **** 
  90:.\Generated_Source\PSoC5/dac.c **** 	#if(dac_OUT_MODE == dac_BUFFER_MODE)
  91:.\Generated_Source\PSoC5/dac.c **** 	   dac_BuffAmp_Enable();
  92:.\Generated_Source\PSoC5/dac.c **** 	#endif /* dac_OUT_MODE == dac_BUFFER_MODE */
  93:.\Generated_Source\PSoC5/dac.c **** 
  94:.\Generated_Source\PSoC5/dac.c **** 	/* 
  95:.\Generated_Source\PSoC5/dac.c **** 	* Enable the channel. It is configured to remember the TD value so that
  96:.\Generated_Source\PSoC5/dac.c **** 	* it can be restored from the place where it has been stopped.
  97:.\Generated_Source\PSoC5/dac.c **** 	*/
  98:.\Generated_Source\PSoC5/dac.c **** 	(void)CyDmaChEnable(dac_Wave1Chan, 1u);
  38              		.loc 1 98 0
  39 0006 064C     		ldr	r4, .L3
  40 0008 2078     		ldrb	r0, [r4]	@ zero_extendqisi2
  41 000a 0121     		movs	r1, #1
  42 000c FFF7FEFF 		bl	CyDmaChEnable
  43              	.LVL1:
  99:.\Generated_Source\PSoC5/dac.c **** 	(void)CyDmaChEnable(dac_Wave2Chan, 1u);
  44              		.loc 1 99 0
  45 0010 6078     		ldrb	r0, [r4, #1]	@ zero_extendqisi2
  46 0012 0121     		movs	r1, #1
  47 0014 FFF7FEFF 		bl	CyDmaChEnable
  48              	.LVL2:
 100:.\Generated_Source\PSoC5/dac.c **** 	
 101:.\Generated_Source\PSoC5/dac.c **** 	/* set the initial value */
 102:.\Generated_Source\PSoC5/dac.c **** 	dac_SetValue(0u);
  49              		.loc 1 102 0
  50 0018 0020     		movs	r0, #0
  51 001a FFF7FEFF 		bl	dac_VDAC8_SetValue
  52              	.LVL3:
  53 001e 10BD     		pop	{r4, pc}
  54              	.L4:
  55              		.align	2
  56              	.L3:
  57 0020 00000000 		.word	.LANCHOR0
  58              		.cfi_endproc
  59              	.LFE1:
  60              		.size	dac_Enable, .-dac_Enable
  61              		.section	.text.dac_Stop,"ax",%progbits
  62              		.align	2
  63              		.global	dac_Stop
  64              		.thumb
  65              		.thumb_func
  66              		.type	dac_Stop, %function
  67              	dac_Stop:
  68              	.LFB4:
 103:.\Generated_Source\PSoC5/dac.c **** 	
ARM GAS  C:\Users\student\AppData\Local\Temp\ccDo4gUc.s 			page 4


 104:.\Generated_Source\PSoC5/dac.c **** 	#if(dac_CLOCK_SRC == dac_CLOCK_INT)  	
 105:.\Generated_Source\PSoC5/dac.c **** 	   dac_DacClk_Start();
 106:.\Generated_Source\PSoC5/dac.c **** 	#endif /* dac_CLOCK_SRC == dac_CLOCK_INT */
 107:.\Generated_Source\PSoC5/dac.c **** }
 108:.\Generated_Source\PSoC5/dac.c **** 
 109:.\Generated_Source\PSoC5/dac.c **** 
 110:.\Generated_Source\PSoC5/dac.c **** /*******************************************************************************
 111:.\Generated_Source\PSoC5/dac.c **** * Function Name: dac_Start
 112:.\Generated_Source\PSoC5/dac.c **** ********************************************************************************
 113:.\Generated_Source\PSoC5/dac.c **** *
 114:.\Generated_Source\PSoC5/dac.c **** * Summary:
 115:.\Generated_Source\PSoC5/dac.c **** *  The start function initializes the voltage DAC with the default values, 
 116:.\Generated_Source\PSoC5/dac.c **** *  and sets the power to the given level.  A power level of 0, is the same as 
 117:.\Generated_Source\PSoC5/dac.c **** *  executing the stop function.
 118:.\Generated_Source\PSoC5/dac.c **** *
 119:.\Generated_Source\PSoC5/dac.c **** * Parameters:  
 120:.\Generated_Source\PSoC5/dac.c **** *  None
 121:.\Generated_Source\PSoC5/dac.c **** *
 122:.\Generated_Source\PSoC5/dac.c **** * Return: 
 123:.\Generated_Source\PSoC5/dac.c **** *  None
 124:.\Generated_Source\PSoC5/dac.c **** *
 125:.\Generated_Source\PSoC5/dac.c **** * Reentrant:
 126:.\Generated_Source\PSoC5/dac.c **** *  No
 127:.\Generated_Source\PSoC5/dac.c **** *
 128:.\Generated_Source\PSoC5/dac.c **** *******************************************************************************/
 129:.\Generated_Source\PSoC5/dac.c **** void dac_Start(void) 
 130:.\Generated_Source\PSoC5/dac.c **** {
 131:.\Generated_Source\PSoC5/dac.c **** 	/* If not Initialized then initialize all required hardware and software */
 132:.\Generated_Source\PSoC5/dac.c **** 	if(dac_initVar == 0u)
 133:.\Generated_Source\PSoC5/dac.c **** 	{
 134:.\Generated_Source\PSoC5/dac.c **** 		dac_Init();
 135:.\Generated_Source\PSoC5/dac.c **** 		dac_initVar = 1u;
 136:.\Generated_Source\PSoC5/dac.c **** 	}
 137:.\Generated_Source\PSoC5/dac.c **** 	
 138:.\Generated_Source\PSoC5/dac.c **** 	dac_Enable();
 139:.\Generated_Source\PSoC5/dac.c **** }
 140:.\Generated_Source\PSoC5/dac.c **** 
 141:.\Generated_Source\PSoC5/dac.c **** 
 142:.\Generated_Source\PSoC5/dac.c **** /*******************************************************************************
 143:.\Generated_Source\PSoC5/dac.c **** * Function Name: dac_StartEx
 144:.\Generated_Source\PSoC5/dac.c **** ********************************************************************************
 145:.\Generated_Source\PSoC5/dac.c **** *
 146:.\Generated_Source\PSoC5/dac.c **** * Summary:
 147:.\Generated_Source\PSoC5/dac.c **** *  The StartEx function sets pointers and sizes for both waveforms
 148:.\Generated_Source\PSoC5/dac.c **** *  and then starts the component.
 149:.\Generated_Source\PSoC5/dac.c **** *
 150:.\Generated_Source\PSoC5/dac.c **** * Parameters:  
 151:.\Generated_Source\PSoC5/dac.c **** *   uint8 * wavePtr1:     Pointer to the waveform 1 array.
 152:.\Generated_Source\PSoC5/dac.c **** *   uint16  sampleSize1:  The amount of samples in the waveform 1.
 153:.\Generated_Source\PSoC5/dac.c **** *   uint8 * wavePtr2:     Pointer to the waveform 2 array.
 154:.\Generated_Source\PSoC5/dac.c **** *   uint16  sampleSize2:  The amount of samples in the waveform 2.
 155:.\Generated_Source\PSoC5/dac.c **** *
 156:.\Generated_Source\PSoC5/dac.c **** * Return: 
 157:.\Generated_Source\PSoC5/dac.c **** *  None
 158:.\Generated_Source\PSoC5/dac.c **** *
 159:.\Generated_Source\PSoC5/dac.c **** * Reentrant:
 160:.\Generated_Source\PSoC5/dac.c **** *  No
ARM GAS  C:\Users\student\AppData\Local\Temp\ccDo4gUc.s 			page 5


 161:.\Generated_Source\PSoC5/dac.c **** *
 162:.\Generated_Source\PSoC5/dac.c **** *******************************************************************************/
 163:.\Generated_Source\PSoC5/dac.c **** void dac_StartEx(const uint8 * wavePtr1, uint16 sampleSize1, const uint8 * wavePtr2, uint16 sampleS
 164:.\Generated_Source\PSoC5/dac.c **** 
 165:.\Generated_Source\PSoC5/dac.c **** {
 166:.\Generated_Source\PSoC5/dac.c **** 	dac_Wave1Setup(wavePtr1, sampleSize1);
 167:.\Generated_Source\PSoC5/dac.c **** 	dac_Wave2Setup(wavePtr2, sampleSize2);
 168:.\Generated_Source\PSoC5/dac.c **** 	dac_Start();
 169:.\Generated_Source\PSoC5/dac.c **** }
 170:.\Generated_Source\PSoC5/dac.c **** 
 171:.\Generated_Source\PSoC5/dac.c **** 
 172:.\Generated_Source\PSoC5/dac.c **** /*******************************************************************************
 173:.\Generated_Source\PSoC5/dac.c **** * Function Name: dac_Stop
 174:.\Generated_Source\PSoC5/dac.c **** ********************************************************************************
 175:.\Generated_Source\PSoC5/dac.c **** *
 176:.\Generated_Source\PSoC5/dac.c **** * Summary:
 177:.\Generated_Source\PSoC5/dac.c **** *  Stops the clock (if internal), disables the DMA channels
 178:.\Generated_Source\PSoC5/dac.c **** *  and powers down the DAC.
 179:.\Generated_Source\PSoC5/dac.c **** *
 180:.\Generated_Source\PSoC5/dac.c **** * Parameters:  
 181:.\Generated_Source\PSoC5/dac.c **** *  None  
 182:.\Generated_Source\PSoC5/dac.c **** *
 183:.\Generated_Source\PSoC5/dac.c **** * Return: 
 184:.\Generated_Source\PSoC5/dac.c **** *  None
 185:.\Generated_Source\PSoC5/dac.c **** *
 186:.\Generated_Source\PSoC5/dac.c **** *******************************************************************************/
 187:.\Generated_Source\PSoC5/dac.c **** void dac_Stop(void) 
 188:.\Generated_Source\PSoC5/dac.c **** {
  69              		.loc 1 188 0
  70              		.cfi_startproc
  71              		@ args = 0, pretend = 0, frame = 0
  72              		@ frame_needed = 0, uses_anonymous_args = 0
  73 0000 10B5     		push	{r4, lr}
  74              		.cfi_def_cfa_offset 8
  75              		.cfi_offset 4, -8
  76              		.cfi_offset 14, -4
 189:.\Generated_Source\PSoC5/dac.c **** 	/* Turn off internal clock, if one present */
 190:.\Generated_Source\PSoC5/dac.c **** 	#if(dac_CLOCK_SRC == dac_CLOCK_INT)  	
 191:.\Generated_Source\PSoC5/dac.c **** 	   dac_DacClk_Stop();
 192:.\Generated_Source\PSoC5/dac.c **** 	#endif /* dac_CLOCK_SRC == dac_CLOCK_INT */
 193:.\Generated_Source\PSoC5/dac.c **** 	
 194:.\Generated_Source\PSoC5/dac.c **** 	/* Disble DMA channels */
 195:.\Generated_Source\PSoC5/dac.c **** 	(void)CyDmaChDisable(dac_Wave1Chan);
  77              		.loc 1 195 0
  78 0002 054C     		ldr	r4, .L7
  79 0004 2078     		ldrb	r0, [r4]	@ zero_extendqisi2
  80 0006 FFF7FEFF 		bl	CyDmaChDisable
  81              	.LVL4:
 196:.\Generated_Source\PSoC5/dac.c **** 	(void)CyDmaChDisable(dac_Wave2Chan);
  82              		.loc 1 196 0
  83 000a 6078     		ldrb	r0, [r4, #1]	@ zero_extendqisi2
  84 000c FFF7FEFF 		bl	CyDmaChDisable
  85              	.LVL5:
 197:.\Generated_Source\PSoC5/dac.c **** 
 198:.\Generated_Source\PSoC5/dac.c **** 	/* Disable power to DAC */
 199:.\Generated_Source\PSoC5/dac.c **** 	dac_VDAC8_Stop();
  86              		.loc 1 199 0
ARM GAS  C:\Users\student\AppData\Local\Temp\ccDo4gUc.s 			page 6


  87 0010 FFF7FEFF 		bl	dac_VDAC8_Stop
  88              	.LVL6:
  89 0014 10BD     		pop	{r4, pc}
  90              	.L8:
  91 0016 00BF     		.align	2
  92              	.L7:
  93 0018 00000000 		.word	.LANCHOR0
  94              		.cfi_endproc
  95              	.LFE4:
  96              		.size	dac_Stop, .-dac_Stop
  97              		.section	.text.dac_Wave1Setup,"ax",%progbits
  98              		.align	2
  99              		.global	dac_Wave1Setup
 100              		.thumb
 101              		.thumb_func
 102              		.type	dac_Wave1Setup, %function
 103              	dac_Wave1Setup:
 104              	.LFB5:
 200:.\Generated_Source\PSoC5/dac.c **** }
 201:.\Generated_Source\PSoC5/dac.c **** 
 202:.\Generated_Source\PSoC5/dac.c **** 
 203:.\Generated_Source\PSoC5/dac.c **** /*******************************************************************************
 204:.\Generated_Source\PSoC5/dac.c **** * Function Name: dac_Wave1Setup
 205:.\Generated_Source\PSoC5/dac.c **** ********************************************************************************
 206:.\Generated_Source\PSoC5/dac.c **** *
 207:.\Generated_Source\PSoC5/dac.c **** * Summary:
 208:.\Generated_Source\PSoC5/dac.c **** *  Sets pointer and size for waveform 1.                                    
 209:.\Generated_Source\PSoC5/dac.c **** *
 210:.\Generated_Source\PSoC5/dac.c **** * Parameters:  
 211:.\Generated_Source\PSoC5/dac.c **** *  uint8 * WavePtr:     Pointer to the waveform array.
 212:.\Generated_Source\PSoC5/dac.c **** *  uint16  SampleSize:  The amount of samples in the waveform.
 213:.\Generated_Source\PSoC5/dac.c **** *
 214:.\Generated_Source\PSoC5/dac.c **** * Return: 
 215:.\Generated_Source\PSoC5/dac.c **** *  None 
 216:.\Generated_Source\PSoC5/dac.c **** *
 217:.\Generated_Source\PSoC5/dac.c **** *******************************************************************************/
 218:.\Generated_Source\PSoC5/dac.c **** void dac_Wave1Setup(const uint8 * wavePtr, uint16 sampleSize)
 219:.\Generated_Source\PSoC5/dac.c **** 
 220:.\Generated_Source\PSoC5/dac.c **** {
 105              		.loc 1 220 0
 106              		.cfi_startproc
 107              		@ args = 0, pretend = 0, frame = 0
 108              		@ frame_needed = 0, uses_anonymous_args = 0
 109              	.LVL7:
 110 0000 70B5     		push	{r4, r5, r6, lr}
 111              		.cfi_def_cfa_offset 16
 112              		.cfi_offset 4, -16
 113              		.cfi_offset 5, -12
 114              		.cfi_offset 6, -8
 115              		.cfi_offset 14, -4
 116 0002 0546     		mov	r5, r0
 117 0004 0E46     		mov	r6, r1
 221:.\Generated_Source\PSoC5/dac.c **** 	#if (CY_PSOC3)
 222:.\Generated_Source\PSoC5/dac.c **** 		uint16 memoryType; /* determining the source memory type */
 223:.\Generated_Source\PSoC5/dac.c **** 		memoryType = (dac_HI16FLASHPTR == HI16(wavePtr)) ? HI16(CYDEV_FLS_BASE) : HI16(CYDEV_SRAM_BASE);
 224:.\Generated_Source\PSoC5/dac.c **** 		
 225:.\Generated_Source\PSoC5/dac.c **** 		dac_Wave1Chan = dac_Wave1_DMA_DmaInitialize(
ARM GAS  C:\Users\student\AppData\Local\Temp\ccDo4gUc.s 			page 7


 226:.\Generated_Source\PSoC5/dac.c **** 		dac_Wave1_DMA_BYTES_PER_BURST, dac_Wave1_DMA_REQUEST_PER_BURST,
 227:.\Generated_Source\PSoC5/dac.c **** 		memoryType, HI16(CYDEV_PERIPH_BASE));
 228:.\Generated_Source\PSoC5/dac.c **** 	#else /* PSoC 5 */
 229:.\Generated_Source\PSoC5/dac.c **** 		dac_Wave1Chan = dac_Wave1_DMA_DmaInitialize(
 118              		.loc 1 229 0
 119 0006 0120     		movs	r0, #1
 120              	.LVL8:
 121 0008 0146     		mov	r1, r0
 122              	.LVL9:
 123 000a 2A0C     		lsrs	r2, r5, #16
 124 000c 4FF48043 		mov	r3, #16384
 125 0010 FFF7FEFF 		bl	dac_Wave1_DMA_DmaInitialize
 126              	.LVL10:
 127 0014 094C     		ldr	r4, .L11
 128 0016 2070     		strb	r0, [r4]
 230:.\Generated_Source\PSoC5/dac.c **** 		dac_Wave1_DMA_BYTES_PER_BURST, dac_Wave1_DMA_REQUEST_PER_BURST,
 231:.\Generated_Source\PSoC5/dac.c **** 		HI16(wavePtr), HI16(dac_DAC8__D));
 232:.\Generated_Source\PSoC5/dac.c **** 	#endif /* CY_PSOC3 */
 233:.\Generated_Source\PSoC5/dac.c **** 	
 234:.\Generated_Source\PSoC5/dac.c **** 	/*
 235:.\Generated_Source\PSoC5/dac.c **** 	* TD is looping on itself. 
 236:.\Generated_Source\PSoC5/dac.c ****     * Increment the source address, but not the destination address. 
 237:.\Generated_Source\PSoC5/dac.c **** 	*/
 238:.\Generated_Source\PSoC5/dac.c **** 	(void)CyDmaTdSetConfiguration(dac_Wave1TD, sampleSize, dac_Wave1TD, 
 129              		.loc 1 238 0
 130 0018 A278     		ldrb	r2, [r4, #2]	@ zero_extendqisi2
 131 001a 1046     		mov	r0, r2
 132 001c 3146     		mov	r1, r6
 133 001e 0123     		movs	r3, #1
 134 0020 FFF7FEFF 		bl	CyDmaTdSetConfiguration
 135              	.LVL11:
 239:.\Generated_Source\PSoC5/dac.c ****                                     (uint8)CY_DMA_TD_INC_SRC_ADR | (uint8)dac_Wave1_DMA__TD_TERMOUT
 240:.\Generated_Source\PSoC5/dac.c **** 	
 241:.\Generated_Source\PSoC5/dac.c **** 	/* Set the TD source and destination address */
 242:.\Generated_Source\PSoC5/dac.c **** 	(void)CyDmaTdSetAddress(dac_Wave1TD, LO16((uint32)wavePtr), LO16(dac_DAC8__D));
 136              		.loc 1 242 0
 137 0024 A078     		ldrb	r0, [r4, #2]	@ zero_extendqisi2
 138 0026 A9B2     		uxth	r1, r5
 139 0028 45F68232 		movw	r2, #23426
 140 002c FFF7FEFF 		bl	CyDmaTdSetAddress
 141              	.LVL12:
 243:.\Generated_Source\PSoC5/dac.c **** 	
 244:.\Generated_Source\PSoC5/dac.c **** 	/* Associate the TD with the channel */
 245:.\Generated_Source\PSoC5/dac.c **** 	(void)CyDmaChSetInitialTd(dac_Wave1Chan, dac_Wave1TD);
 142              		.loc 1 245 0
 143 0030 2078     		ldrb	r0, [r4]	@ zero_extendqisi2
 144 0032 A178     		ldrb	r1, [r4, #2]	@ zero_extendqisi2
 145 0034 FFF7FEFF 		bl	CyDmaChSetInitialTd
 146              	.LVL13:
 147 0038 70BD     		pop	{r4, r5, r6, pc}
 148              	.LVL14:
 149              	.L12:
 150 003a 00BF     		.align	2
 151              	.L11:
 152 003c 00000000 		.word	.LANCHOR0
 153              		.cfi_endproc
 154              	.LFE5:
ARM GAS  C:\Users\student\AppData\Local\Temp\ccDo4gUc.s 			page 8


 155              		.size	dac_Wave1Setup, .-dac_Wave1Setup
 156              		.section	.text.dac_Wave2Setup,"ax",%progbits
 157              		.align	2
 158              		.global	dac_Wave2Setup
 159              		.thumb
 160              		.thumb_func
 161              		.type	dac_Wave2Setup, %function
 162              	dac_Wave2Setup:
 163              	.LFB6:
 246:.\Generated_Source\PSoC5/dac.c **** }
 247:.\Generated_Source\PSoC5/dac.c **** 
 248:.\Generated_Source\PSoC5/dac.c **** 
 249:.\Generated_Source\PSoC5/dac.c **** /*******************************************************************************
 250:.\Generated_Source\PSoC5/dac.c **** * Function Name: dac_Wave2Setup
 251:.\Generated_Source\PSoC5/dac.c **** ********************************************************************************
 252:.\Generated_Source\PSoC5/dac.c **** *
 253:.\Generated_Source\PSoC5/dac.c **** * Summary:
 254:.\Generated_Source\PSoC5/dac.c **** *  Sets pointer and size for waveform 2.                                    
 255:.\Generated_Source\PSoC5/dac.c **** *
 256:.\Generated_Source\PSoC5/dac.c **** * Parameters:  
 257:.\Generated_Source\PSoC5/dac.c **** *  uint8 * WavePtr:     Pointer to the waveform array.
 258:.\Generated_Source\PSoC5/dac.c **** *  uint16  SampleSize:  The amount of samples in the waveform.
 259:.\Generated_Source\PSoC5/dac.c **** *
 260:.\Generated_Source\PSoC5/dac.c **** * Return: 
 261:.\Generated_Source\PSoC5/dac.c **** *  None
 262:.\Generated_Source\PSoC5/dac.c **** *
 263:.\Generated_Source\PSoC5/dac.c **** *******************************************************************************/
 264:.\Generated_Source\PSoC5/dac.c **** void dac_Wave2Setup(const uint8 * wavePtr, uint16 sampleSize)
 265:.\Generated_Source\PSoC5/dac.c ****  
 266:.\Generated_Source\PSoC5/dac.c **** {
 164              		.loc 1 266 0
 165              		.cfi_startproc
 166              		@ args = 0, pretend = 0, frame = 0
 167              		@ frame_needed = 0, uses_anonymous_args = 0
 168              	.LVL15:
 169 0000 70B5     		push	{r4, r5, r6, lr}
 170              		.cfi_def_cfa_offset 16
 171              		.cfi_offset 4, -16
 172              		.cfi_offset 5, -12
 173              		.cfi_offset 6, -8
 174              		.cfi_offset 14, -4
 175 0002 0546     		mov	r5, r0
 176 0004 0E46     		mov	r6, r1
 267:.\Generated_Source\PSoC5/dac.c **** 	#if (CY_PSOC3)
 268:.\Generated_Source\PSoC5/dac.c **** 		uint16 memoryType; /* determining the source memory type */
 269:.\Generated_Source\PSoC5/dac.c **** 		memoryType = (dac_HI16FLASHPTR == HI16(wavePtr)) ? HI16(CYDEV_FLS_BASE) : HI16(CYDEV_SRAM_BASE);
 270:.\Generated_Source\PSoC5/dac.c **** 			
 271:.\Generated_Source\PSoC5/dac.c **** 		dac_Wave2Chan = dac_Wave2_DMA_DmaInitialize(
 272:.\Generated_Source\PSoC5/dac.c **** 		dac_Wave2_DMA_BYTES_PER_BURST, dac_Wave2_DMA_REQUEST_PER_BURST,
 273:.\Generated_Source\PSoC5/dac.c **** 		memoryType, HI16(CYDEV_PERIPH_BASE));
 274:.\Generated_Source\PSoC5/dac.c **** 	#else /* PSoC 5 */
 275:.\Generated_Source\PSoC5/dac.c **** 		dac_Wave2Chan = dac_Wave2_DMA_DmaInitialize(
 177              		.loc 1 275 0
 178 0006 0120     		movs	r0, #1
 179              	.LVL16:
 180 0008 0146     		mov	r1, r0
 181              	.LVL17:
ARM GAS  C:\Users\student\AppData\Local\Temp\ccDo4gUc.s 			page 9


 182 000a 2A0C     		lsrs	r2, r5, #16
 183 000c 4FF48043 		mov	r3, #16384
 184 0010 FFF7FEFF 		bl	dac_Wave2_DMA_DmaInitialize
 185              	.LVL18:
 186 0014 094C     		ldr	r4, .L15
 187 0016 6070     		strb	r0, [r4, #1]
 276:.\Generated_Source\PSoC5/dac.c **** 		dac_Wave2_DMA_BYTES_PER_BURST, dac_Wave2_DMA_REQUEST_PER_BURST,
 277:.\Generated_Source\PSoC5/dac.c **** 		HI16(wavePtr), HI16(dac_DAC8__D));
 278:.\Generated_Source\PSoC5/dac.c **** 	#endif /* CY_PSOC3 */
 279:.\Generated_Source\PSoC5/dac.c **** 	
 280:.\Generated_Source\PSoC5/dac.c **** 	/*
 281:.\Generated_Source\PSoC5/dac.c **** 	* TD is looping on itself. 
 282:.\Generated_Source\PSoC5/dac.c **** 	* Increment the source address, but not the destination address. 
 283:.\Generated_Source\PSoC5/dac.c **** 	*/
 284:.\Generated_Source\PSoC5/dac.c **** 	(void)CyDmaTdSetConfiguration(dac_Wave2TD, sampleSize, dac_Wave2TD, 
 188              		.loc 1 284 0
 189 0018 E278     		ldrb	r2, [r4, #3]	@ zero_extendqisi2
 190 001a 1046     		mov	r0, r2
 191 001c 3146     		mov	r1, r6
 192 001e 0123     		movs	r3, #1
 193 0020 FFF7FEFF 		bl	CyDmaTdSetConfiguration
 194              	.LVL19:
 285:.\Generated_Source\PSoC5/dac.c ****                                     (uint8)CY_DMA_TD_INC_SRC_ADR | (uint8)dac_Wave2_DMA__TD_TERMOUT
 286:.\Generated_Source\PSoC5/dac.c **** 	
 287:.\Generated_Source\PSoC5/dac.c **** 	/* Set the TD source and destination address */
 288:.\Generated_Source\PSoC5/dac.c **** 	(void)CyDmaTdSetAddress(dac_Wave2TD, LO16((uint32)wavePtr), LO16(dac_DAC8__D));
 195              		.loc 1 288 0
 196 0024 E078     		ldrb	r0, [r4, #3]	@ zero_extendqisi2
 197 0026 A9B2     		uxth	r1, r5
 198 0028 45F68232 		movw	r2, #23426
 199 002c FFF7FEFF 		bl	CyDmaTdSetAddress
 200              	.LVL20:
 289:.\Generated_Source\PSoC5/dac.c **** 	
 290:.\Generated_Source\PSoC5/dac.c **** 	/* Associate the TD with the channel */
 291:.\Generated_Source\PSoC5/dac.c **** 	(void)CyDmaChSetInitialTd(dac_Wave2Chan, dac_Wave2TD);
 201              		.loc 1 291 0
 202 0030 6078     		ldrb	r0, [r4, #1]	@ zero_extendqisi2
 203 0032 E178     		ldrb	r1, [r4, #3]	@ zero_extendqisi2
 204 0034 FFF7FEFF 		bl	CyDmaChSetInitialTd
 205              	.LVL21:
 206 0038 70BD     		pop	{r4, r5, r6, pc}
 207              	.LVL22:
 208              	.L16:
 209 003a 00BF     		.align	2
 210              	.L15:
 211 003c 00000000 		.word	.LANCHOR0
 212              		.cfi_endproc
 213              	.LFE6:
 214              		.size	dac_Wave2Setup, .-dac_Wave2Setup
 215              		.section	.text.dac_Init,"ax",%progbits
 216              		.align	2
 217              		.global	dac_Init
 218              		.thumb
 219              		.thumb_func
 220              		.type	dac_Init, %function
 221              	dac_Init:
 222              	.LFB0:
ARM GAS  C:\Users\student\AppData\Local\Temp\ccDo4gUc.s 			page 10


  44:.\Generated_Source\PSoC5/dac.c **** 	dac_VDAC8_Init();
 223              		.loc 1 44 0
 224              		.cfi_startproc
 225              		@ args = 0, pretend = 0, frame = 0
 226              		@ frame_needed = 0, uses_anonymous_args = 0
 227 0000 10B5     		push	{r4, lr}
 228              		.cfi_def_cfa_offset 8
 229              		.cfi_offset 4, -8
 230              		.cfi_offset 14, -4
  45:.\Generated_Source\PSoC5/dac.c **** 	dac_VDAC8_SetSpeed(dac_HIGHSPEED);
 231              		.loc 1 45 0
 232 0002 FFF7FEFF 		bl	dac_VDAC8_Init
 233              	.LVL23:
  46:.\Generated_Source\PSoC5/dac.c **** 	dac_VDAC8_SetRange(dac_DAC_RANGE);
 234              		.loc 1 46 0
 235 0006 0220     		movs	r0, #2
 236 0008 FFF7FEFF 		bl	dac_VDAC8_SetSpeed
 237              	.LVL24:
  47:.\Generated_Source\PSoC5/dac.c **** 
 238              		.loc 1 47 0
 239 000c 0020     		movs	r0, #0
 240 000e FFF7FEFF 		bl	dac_VDAC8_SetRange
 241              	.LVL25:
  58:.\Generated_Source\PSoC5/dac.c **** 	dac_Wave2TD = CyDmaTdAllocate();
 242              		.loc 1 58 0
 243 0012 FFF7FEFF 		bl	CyDmaTdAllocate
 244              	.LVL26:
 245 0016 084C     		ldr	r4, .L19
 246 0018 A070     		strb	r0, [r4, #2]
  59:.\Generated_Source\PSoC5/dac.c **** 	
 247              		.loc 1 59 0
 248 001a FFF7FEFF 		bl	CyDmaTdAllocate
 249              	.LVL27:
 250 001e E070     		strb	r0, [r4, #3]
  62:.\Generated_Source\PSoC5/dac.c **** 	dac_Wave2Setup(dac_wave2, dac_WAVE2_LENGTH) ;
 251              		.loc 1 62 0
 252 0020 064C     		ldr	r4, .L19+4
 253 0022 2046     		mov	r0, r4
 254 0024 2221     		movs	r1, #34
 255 0026 FFF7FEFF 		bl	dac_Wave1Setup
 256              	.LVL28:
  63:.\Generated_Source\PSoC5/dac.c **** 	
 257              		.loc 1 63 0
 258 002a 04F12400 		add	r0, r4, #36
 259 002e 6421     		movs	r1, #100
 260 0030 FFF7FEFF 		bl	dac_Wave2Setup
 261              	.LVL29:
 262 0034 10BD     		pop	{r4, pc}
 263              	.L20:
 264 0036 00BF     		.align	2
 265              	.L19:
 266 0038 00000000 		.word	.LANCHOR0
 267 003c 00000000 		.word	.LANCHOR1
 268              		.cfi_endproc
 269              	.LFE0:
 270              		.size	dac_Init, .-dac_Init
 271              		.section	.text.dac_Start,"ax",%progbits
ARM GAS  C:\Users\student\AppData\Local\Temp\ccDo4gUc.s 			page 11


 272              		.align	2
 273              		.global	dac_Start
 274              		.thumb
 275              		.thumb_func
 276              		.type	dac_Start, %function
 277              	dac_Start:
 278              	.LFB2:
 130:.\Generated_Source\PSoC5/dac.c **** 	/* If not Initialized then initialize all required hardware and software */
 279              		.loc 1 130 0
 280              		.cfi_startproc
 281              		@ args = 0, pretend = 0, frame = 0
 282              		@ frame_needed = 0, uses_anonymous_args = 0
 283 0000 08B5     		push	{r3, lr}
 284              		.cfi_def_cfa_offset 8
 285              		.cfi_offset 3, -8
 286              		.cfi_offset 14, -4
 132:.\Generated_Source\PSoC5/dac.c **** 	{
 287              		.loc 1 132 0
 288 0002 054B     		ldr	r3, .L24
 289 0004 1B79     		ldrb	r3, [r3, #4]	@ zero_extendqisi2
 290 0006 23B9     		cbnz	r3, .L22
 134:.\Generated_Source\PSoC5/dac.c **** 		dac_initVar = 1u;
 291              		.loc 1 134 0
 292 0008 FFF7FEFF 		bl	dac_Init
 293              	.LVL30:
 135:.\Generated_Source\PSoC5/dac.c **** 	}
 294              		.loc 1 135 0
 295 000c 0122     		movs	r2, #1
 296 000e 024B     		ldr	r3, .L24
 297 0010 1A71     		strb	r2, [r3, #4]
 298              	.L22:
 138:.\Generated_Source\PSoC5/dac.c **** }
 299              		.loc 1 138 0
 300 0012 FFF7FEFF 		bl	dac_Enable
 301              	.LVL31:
 302 0016 08BD     		pop	{r3, pc}
 303              	.L25:
 304              		.align	2
 305              	.L24:
 306 0018 00000000 		.word	.LANCHOR0
 307              		.cfi_endproc
 308              	.LFE2:
 309              		.size	dac_Start, .-dac_Start
 310              		.section	.text.dac_StartEx,"ax",%progbits
 311              		.align	2
 312              		.global	dac_StartEx
 313              		.thumb
 314              		.thumb_func
 315              		.type	dac_StartEx, %function
 316              	dac_StartEx:
 317              	.LFB3:
 165:.\Generated_Source\PSoC5/dac.c **** 	dac_Wave1Setup(wavePtr1, sampleSize1);
 318              		.loc 1 165 0
 319              		.cfi_startproc
 320              		@ args = 0, pretend = 0, frame = 0
 321              		@ frame_needed = 0, uses_anonymous_args = 0
 322              	.LVL32:
ARM GAS  C:\Users\student\AppData\Local\Temp\ccDo4gUc.s 			page 12


 323 0000 38B5     		push	{r3, r4, r5, lr}
 324              		.cfi_def_cfa_offset 16
 325              		.cfi_offset 3, -16
 326              		.cfi_offset 4, -12
 327              		.cfi_offset 5, -8
 328              		.cfi_offset 14, -4
 329 0002 1546     		mov	r5, r2
 330 0004 1C46     		mov	r4, r3
 166:.\Generated_Source\PSoC5/dac.c **** 	dac_Wave2Setup(wavePtr2, sampleSize2);
 331              		.loc 1 166 0
 332 0006 FFF7FEFF 		bl	dac_Wave1Setup
 333              	.LVL33:
 167:.\Generated_Source\PSoC5/dac.c **** 	dac_Start();
 334              		.loc 1 167 0
 335 000a 2846     		mov	r0, r5
 336 000c 2146     		mov	r1, r4
 337 000e FFF7FEFF 		bl	dac_Wave2Setup
 338              	.LVL34:
 168:.\Generated_Source\PSoC5/dac.c **** }
 339              		.loc 1 168 0
 340 0012 FFF7FEFF 		bl	dac_Start
 341              	.LVL35:
 342 0016 38BD     		pop	{r3, r4, r5, pc}
 343              		.cfi_endproc
 344              	.LFE3:
 345              		.size	dac_StartEx, .-dac_StartEx
 346              		.global	dac_wave2
 347              		.global	dac_wave1
 348              		.global	dac_initVar
 349              		.section	.rodata
 350              		.align	2
 351              		.set	.LANCHOR1,. + 0
 352              		.type	dac_wave1, %object
 353              		.size	dac_wave1, 34
 354              	dac_wave1:
 355 0000 66       		.byte	102
 356 0001 48       		.byte	72
 357 0002 26       		.byte	38
 358 0003 13       		.byte	19
 359 0004 0C       		.byte	12
 360 0005 04       		.byte	4
 361 0006 00       		.byte	0
 362 0007 07       		.byte	7
 363 0008 0F       		.byte	15
 364 0009 15       		.byte	21
 365 000a 1E       		.byte	30
 366 000b 30       		.byte	48
 367 000c 45       		.byte	69
 368 000d 5D       		.byte	93
 369 000e 74       		.byte	116
 370 000f 8A       		.byte	-118
 371 0010 9E       		.byte	-98
 372 0011 B0       		.byte	-80
 373 0012 B8       		.byte	-72
 374 0013 B7       		.byte	-73
 375 0014 BA       		.byte	-70
 376 0015 C5       		.byte	-59
ARM GAS  C:\Users\student\AppData\Local\Temp\ccDo4gUc.s 			page 13


 377 0016 D4       		.byte	-44
 378 0017 E2       		.byte	-30
 379 0018 E7       		.byte	-25
 380 0019 E5       		.byte	-27
 381 001a DD       		.byte	-35
 382 001b D4       		.byte	-44
 383 001c CC       		.byte	-52
 384 001d C0       		.byte	-64
 385 001e B7       		.byte	-73
 386 001f B6       		.byte	-74
 387 0020 BA       		.byte	-70
 388 0021 BC       		.byte	-68
 389 0022 0000     		.space	2
 390              		.type	dac_wave2, %object
 391              		.size	dac_wave2, 100
 392              	dac_wave2:
 393 0024 80       		.byte	-128
 394 0025 84       		.byte	-124
 395 0026 89       		.byte	-119
 396 0027 8D       		.byte	-115
 397 0028 92       		.byte	-110
 398 0029 96       		.byte	-106
 399 002a 9B       		.byte	-101
 400 002b 9F       		.byte	-97
 401 002c A4       		.byte	-92
 402 002d A8       		.byte	-88
 403 002e AD       		.byte	-83
 404 002f B1       		.byte	-79
 405 0030 B6       		.byte	-74
 406 0031 BA       		.byte	-70
 407 0032 BF       		.byte	-65
 408 0033 C3       		.byte	-61
 409 0034 C8       		.byte	-56
 410 0035 CC       		.byte	-52
 411 0036 D1       		.byte	-47
 412 0037 D5       		.byte	-43
 413 0038 DA       		.byte	-38
 414 0039 DE       		.byte	-34
 415 003a E3       		.byte	-29
 416 003b E7       		.byte	-25
 417 003c EC       		.byte	-20
 418 003d F0       		.byte	-16
 419 003e EC       		.byte	-20
 420 003f E7       		.byte	-25
 421 0040 E3       		.byte	-29
 422 0041 DE       		.byte	-34
 423 0042 DA       		.byte	-38
 424 0043 D5       		.byte	-43
 425 0044 D1       		.byte	-47
 426 0045 CC       		.byte	-52
 427 0046 C8       		.byte	-56
 428 0047 C3       		.byte	-61
 429 0048 BF       		.byte	-65
 430 0049 BA       		.byte	-70
 431 004a B6       		.byte	-74
 432 004b B1       		.byte	-79
 433 004c AD       		.byte	-83
ARM GAS  C:\Users\student\AppData\Local\Temp\ccDo4gUc.s 			page 14


 434 004d A8       		.byte	-88
 435 004e A4       		.byte	-92
 436 004f 9F       		.byte	-97
 437 0050 9B       		.byte	-101
 438 0051 96       		.byte	-106
 439 0052 92       		.byte	-110
 440 0053 8D       		.byte	-115
 441 0054 89       		.byte	-119
 442 0055 84       		.byte	-124
 443 0056 80       		.byte	-128
 444 0057 7B       		.byte	123
 445 0058 76       		.byte	118
 446 0059 72       		.byte	114
 447 005a 6D       		.byte	109
 448 005b 69       		.byte	105
 449 005c 64       		.byte	100
 450 005d 60       		.byte	96
 451 005e 5B       		.byte	91
 452 005f 57       		.byte	87
 453 0060 52       		.byte	82
 454 0061 4E       		.byte	78
 455 0062 49       		.byte	73
 456 0063 45       		.byte	69
 457 0064 40       		.byte	64
 458 0065 3C       		.byte	60
 459 0066 37       		.byte	55
 460 0067 33       		.byte	51
 461 0068 2E       		.byte	46
 462 0069 2A       		.byte	42
 463 006a 25       		.byte	37
 464 006b 21       		.byte	33
 465 006c 1C       		.byte	28
 466 006d 18       		.byte	24
 467 006e 13       		.byte	19
 468 006f 0E       		.byte	14
 469 0070 13       		.byte	19
 470 0071 18       		.byte	24
 471 0072 1C       		.byte	28
 472 0073 21       		.byte	33
 473 0074 25       		.byte	37
 474 0075 2A       		.byte	42
 475 0076 2E       		.byte	46
 476 0077 33       		.byte	51
 477 0078 37       		.byte	55
 478 0079 3C       		.byte	60
 479 007a 40       		.byte	64
 480 007b 45       		.byte	69
 481 007c 49       		.byte	73
 482 007d 4E       		.byte	78
 483 007e 52       		.byte	82
 484 007f 57       		.byte	87
 485 0080 5B       		.byte	91
 486 0081 60       		.byte	96
 487 0082 64       		.byte	100
 488 0083 69       		.byte	105
 489 0084 6D       		.byte	109
 490 0085 72       		.byte	114
ARM GAS  C:\Users\student\AppData\Local\Temp\ccDo4gUc.s 			page 15


 491 0086 76       		.byte	118
 492 0087 7B       		.byte	123
 493              		.bss
 494              		.set	.LANCHOR0,. + 0
 495              		.type	dac_Wave1Chan, %object
 496              		.size	dac_Wave1Chan, 1
 497              	dac_Wave1Chan:
 498 0000 00       		.space	1
 499              		.type	dac_Wave2Chan, %object
 500              		.size	dac_Wave2Chan, 1
 501              	dac_Wave2Chan:
 502 0001 00       		.space	1
 503              		.type	dac_Wave1TD, %object
 504              		.size	dac_Wave1TD, 1
 505              	dac_Wave1TD:
 506 0002 00       		.space	1
 507              		.type	dac_Wave2TD, %object
 508              		.size	dac_Wave2TD, 1
 509              	dac_Wave2TD:
 510 0003 00       		.space	1
 511              		.type	dac_initVar, %object
 512              		.size	dac_initVar, 1
 513              	dac_initVar:
 514 0004 00       		.space	1
 515              		.text
 516              	.Letext0:
 517              		.file 2 ".\\Generated_Source\\PSoC5\\cytypes.h"
 518              		.file 3 "Generated_Source\\PSoC5/CYDMAC.H"
 519              		.file 4 "Generated_Source\\PSoC5/dac_VDAC8.h"
 520              		.file 5 "Generated_Source\\PSoC5/dac_Wave1_DMA_dma.h"
 521              		.file 6 "Generated_Source\\PSoC5/dac_Wave2_DMA_dma.h"
 522              		.section	.debug_info,"",%progbits
 523              	.Ldebug_info0:
 524 0000 78050000 		.4byte	0x578
 525 0004 0400     		.2byte	0x4
 526 0006 00000000 		.4byte	.Ldebug_abbrev0
 527 000a 04       		.byte	0x4
 528 000b 01       		.uleb128 0x1
 529 000c AC010000 		.4byte	.LASF50
 530 0010 01       		.byte	0x1
 531 0011 5C030000 		.4byte	.LASF51
 532 0015 F9000000 		.4byte	.LASF52
 533 0019 00000000 		.4byte	.Ldebug_ranges0+0
 534 001d 00000000 		.4byte	0
 535 0021 00000000 		.4byte	.Ldebug_line0
 536 0025 02       		.uleb128 0x2
 537 0026 01       		.byte	0x1
 538 0027 06       		.byte	0x6
 539 0028 41030000 		.4byte	.LASF0
 540 002c 02       		.uleb128 0x2
 541 002d 01       		.byte	0x1
 542 002e 08       		.byte	0x8
 543 002f 6F010000 		.4byte	.LASF1
 544 0033 02       		.uleb128 0x2
 545 0034 02       		.byte	0x2
 546 0035 05       		.byte	0x5
 547 0036 DE020000 		.4byte	.LASF2
ARM GAS  C:\Users\student\AppData\Local\Temp\ccDo4gUc.s 			page 16


 548 003a 02       		.uleb128 0x2
 549 003b 02       		.byte	0x2
 550 003c 07       		.byte	0x7
 551 003d 4B000000 		.4byte	.LASF3
 552 0041 02       		.uleb128 0x2
 553 0042 04       		.byte	0x4
 554 0043 05       		.byte	0x5
 555 0044 2A030000 		.4byte	.LASF4
 556 0048 02       		.uleb128 0x2
 557 0049 04       		.byte	0x4
 558 004a 07       		.byte	0x7
 559 004b E7000000 		.4byte	.LASF5
 560 004f 02       		.uleb128 0x2
 561 0050 08       		.byte	0x8
 562 0051 05       		.byte	0x5
 563 0052 BF020000 		.4byte	.LASF6
 564 0056 02       		.uleb128 0x2
 565 0057 08       		.byte	0x8
 566 0058 07       		.byte	0x7
 567 0059 67020000 		.4byte	.LASF7
 568 005d 03       		.uleb128 0x3
 569 005e 04       		.byte	0x4
 570 005f 05       		.byte	0x5
 571 0060 696E7400 		.ascii	"int\000"
 572 0064 02       		.uleb128 0x2
 573 0065 04       		.byte	0x4
 574 0066 07       		.byte	0x7
 575 0067 46020000 		.4byte	.LASF8
 576 006b 04       		.uleb128 0x4
 577 006c 27010000 		.4byte	.LASF9
 578 0070 02       		.byte	0x2
 579 0071 9201     		.2byte	0x192
 580 0073 2C000000 		.4byte	0x2c
 581 0077 04       		.uleb128 0x4
 582 0078 92010000 		.4byte	.LASF10
 583 007c 02       		.byte	0x2
 584 007d 9301     		.2byte	0x193
 585 007f 3A000000 		.4byte	0x3a
 586 0083 04       		.uleb128 0x4
 587 0084 A5010000 		.4byte	.LASF11
 588 0088 02       		.byte	0x2
 589 0089 9401     		.2byte	0x194
 590 008b 48000000 		.4byte	0x48
 591 008f 02       		.uleb128 0x2
 592 0090 04       		.byte	0x4
 593 0091 04       		.byte	0x4
 594 0092 99000000 		.4byte	.LASF12
 595 0096 02       		.uleb128 0x2
 596 0097 08       		.byte	0x8
 597 0098 04       		.byte	0x4
 598 0099 7D010000 		.4byte	.LASF13
 599 009d 02       		.uleb128 0x2
 600 009e 01       		.byte	0x1
 601 009f 08       		.byte	0x8
 602 00a0 CD020000 		.4byte	.LASF14
 603 00a4 04       		.uleb128 0x4
 604 00a5 00000000 		.4byte	.LASF15
ARM GAS  C:\Users\student\AppData\Local\Temp\ccDo4gUc.s 			page 17


 605 00a9 02       		.byte	0x2
 606 00aa 3402     		.2byte	0x234
 607 00ac 48000000 		.4byte	0x48
 608 00b0 02       		.uleb128 0x2
 609 00b1 04       		.byte	0x4
 610 00b2 07       		.byte	0x7
 611 00b3 B6020000 		.4byte	.LASF16
 612 00b7 05       		.uleb128 0x5
 613 00b8 1F030000 		.4byte	.LASF17
 614 00bc 01       		.byte	0x1
 615 00bd 56       		.byte	0x56
 616 00be 00000000 		.4byte	.LFB1
 617 00c2 24000000 		.4byte	.LFE1-.LFB1
 618 00c6 01       		.uleb128 0x1
 619 00c7 9C       		.byte	0x9c
 620 00c8 0B010000 		.4byte	0x10b
 621 00cc 06       		.uleb128 0x6
 622 00cd 06000000 		.4byte	.LVL0
 623 00d1 54040000 		.4byte	0x454
 624 00d5 07       		.uleb128 0x7
 625 00d6 10000000 		.4byte	.LVL1
 626 00da 5B040000 		.4byte	0x45b
 627 00de E8000000 		.4byte	0xe8
 628 00e2 08       		.uleb128 0x8
 629 00e3 01       		.uleb128 0x1
 630 00e4 51       		.byte	0x51
 631 00e5 01       		.uleb128 0x1
 632 00e6 31       		.byte	0x31
 633 00e7 00       		.byte	0
 634 00e8 07       		.uleb128 0x7
 635 00e9 18000000 		.4byte	.LVL2
 636 00ed 5B040000 		.4byte	0x45b
 637 00f1 FB000000 		.4byte	0xfb
 638 00f5 08       		.uleb128 0x8
 639 00f6 01       		.uleb128 0x1
 640 00f7 51       		.byte	0x51
 641 00f8 01       		.uleb128 0x1
 642 00f9 31       		.byte	0x31
 643 00fa 00       		.byte	0
 644 00fb 09       		.uleb128 0x9
 645 00fc 1E000000 		.4byte	.LVL3
 646 0100 75040000 		.4byte	0x475
 647 0104 08       		.uleb128 0x8
 648 0105 01       		.uleb128 0x1
 649 0106 50       		.byte	0x50
 650 0107 01       		.uleb128 0x1
 651 0108 30       		.byte	0x30
 652 0109 00       		.byte	0
 653 010a 00       		.byte	0
 654 010b 05       		.uleb128 0x5
 655 010c 7B030000 		.4byte	.LASF18
 656 0110 01       		.byte	0x1
 657 0111 BB       		.byte	0xbb
 658 0112 00000000 		.4byte	.LFB4
 659 0116 1C000000 		.4byte	.LFE4-.LFB4
 660 011a 01       		.uleb128 0x1
 661 011b 9C       		.byte	0x9c
ARM GAS  C:\Users\student\AppData\Local\Temp\ccDo4gUc.s 			page 18


 662 011c 3C010000 		.4byte	0x13c
 663 0120 06       		.uleb128 0x6
 664 0121 0A000000 		.4byte	.LVL4
 665 0125 86040000 		.4byte	0x486
 666 0129 06       		.uleb128 0x6
 667 012a 10000000 		.4byte	.LVL5
 668 012e 86040000 		.4byte	0x486
 669 0132 06       		.uleb128 0x6
 670 0133 14000000 		.4byte	.LVL6
 671 0137 9B040000 		.4byte	0x49b
 672 013b 00       		.byte	0
 673 013c 05       		.uleb128 0x5
 674 013d 09000000 		.4byte	.LASF19
 675 0141 01       		.byte	0x1
 676 0142 DA       		.byte	0xda
 677 0143 00000000 		.4byte	.LFB5
 678 0147 40000000 		.4byte	.LFE5-.LFB5
 679 014b 01       		.uleb128 0x1
 680 014c 9C       		.byte	0x9c
 681 014d D4010000 		.4byte	0x1d4
 682 0151 0A       		.uleb128 0xa
 683 0152 2D010000 		.4byte	.LASF20
 684 0156 01       		.byte	0x1
 685 0157 DA       		.byte	0xda
 686 0158 D4010000 		.4byte	0x1d4
 687 015c 00000000 		.4byte	.LLST0
 688 0160 0A       		.uleb128 0xa
 689 0161 B0000000 		.4byte	.LASF21
 690 0165 01       		.byte	0x1
 691 0166 DA       		.byte	0xda
 692 0167 77000000 		.4byte	0x77
 693 016b 2C000000 		.4byte	.LLST1
 694 016f 07       		.uleb128 0x7
 695 0170 14000000 		.4byte	.LVL10
 696 0174 A2040000 		.4byte	0x4a2
 697 0178 96010000 		.4byte	0x196
 698 017c 08       		.uleb128 0x8
 699 017d 01       		.uleb128 0x1
 700 017e 53       		.byte	0x53
 701 017f 03       		.uleb128 0x3
 702 0180 0A       		.byte	0xa
 703 0181 0040     		.2byte	0x4000
 704 0183 08       		.uleb128 0x8
 705 0184 01       		.uleb128 0x1
 706 0185 52       		.byte	0x52
 707 0186 04       		.uleb128 0x4
 708 0187 75       		.byte	0x75
 709 0188 00       		.sleb128 0
 710 0189 40       		.byte	0x40
 711 018a 25       		.byte	0x25
 712 018b 08       		.uleb128 0x8
 713 018c 01       		.uleb128 0x1
 714 018d 51       		.byte	0x51
 715 018e 01       		.uleb128 0x1
 716 018f 31       		.byte	0x31
 717 0190 08       		.uleb128 0x8
 718 0191 01       		.uleb128 0x1
ARM GAS  C:\Users\student\AppData\Local\Temp\ccDo4gUc.s 			page 19


 719 0192 50       		.byte	0x50
 720 0193 01       		.uleb128 0x1
 721 0194 31       		.byte	0x31
 722 0195 00       		.byte	0
 723 0196 07       		.uleb128 0x7
 724 0197 24000000 		.4byte	.LVL11
 725 019b C6040000 		.4byte	0x4c6
 726 019f AF010000 		.4byte	0x1af
 727 01a3 08       		.uleb128 0x8
 728 01a4 01       		.uleb128 0x1
 729 01a5 53       		.byte	0x53
 730 01a6 01       		.uleb128 0x1
 731 01a7 31       		.byte	0x31
 732 01a8 08       		.uleb128 0x8
 733 01a9 01       		.uleb128 0x1
 734 01aa 51       		.byte	0x51
 735 01ab 02       		.uleb128 0x2
 736 01ac 76       		.byte	0x76
 737 01ad 00       		.sleb128 0
 738 01ae 00       		.byte	0
 739 01af 07       		.uleb128 0x7
 740 01b0 30000000 		.4byte	.LVL12
 741 01b4 EA040000 		.4byte	0x4ea
 742 01b8 CA010000 		.4byte	0x1ca
 743 01bc 08       		.uleb128 0x8
 744 01bd 01       		.uleb128 0x1
 745 01be 52       		.byte	0x52
 746 01bf 03       		.uleb128 0x3
 747 01c0 0A       		.byte	0xa
 748 01c1 825B     		.2byte	0x5b82
 749 01c3 08       		.uleb128 0x8
 750 01c4 01       		.uleb128 0x1
 751 01c5 51       		.byte	0x51
 752 01c6 02       		.uleb128 0x2
 753 01c7 75       		.byte	0x75
 754 01c8 00       		.sleb128 0
 755 01c9 00       		.byte	0
 756 01ca 06       		.uleb128 0x6
 757 01cb 38000000 		.4byte	.LVL13
 758 01cf 09050000 		.4byte	0x509
 759 01d3 00       		.byte	0
 760 01d4 0B       		.uleb128 0xb
 761 01d5 04       		.byte	0x4
 762 01d6 DA010000 		.4byte	0x1da
 763 01da 0C       		.uleb128 0xc
 764 01db 6B000000 		.4byte	0x6b
 765 01df 0D       		.uleb128 0xd
 766 01e0 4D010000 		.4byte	.LASF22
 767 01e4 01       		.byte	0x1
 768 01e5 0801     		.2byte	0x108
 769 01e7 00000000 		.4byte	.LFB6
 770 01eb 40000000 		.4byte	.LFE6-.LFB6
 771 01ef 01       		.uleb128 0x1
 772 01f0 9C       		.byte	0x9c
 773 01f1 7A020000 		.4byte	0x27a
 774 01f5 0E       		.uleb128 0xe
 775 01f6 2D010000 		.4byte	.LASF20
ARM GAS  C:\Users\student\AppData\Local\Temp\ccDo4gUc.s 			page 20


 776 01fa 01       		.byte	0x1
 777 01fb 0801     		.2byte	0x108
 778 01fd D4010000 		.4byte	0x1d4
 779 0201 4D000000 		.4byte	.LLST2
 780 0205 0E       		.uleb128 0xe
 781 0206 B0000000 		.4byte	.LASF21
 782 020a 01       		.byte	0x1
 783 020b 0801     		.2byte	0x108
 784 020d 77000000 		.4byte	0x77
 785 0211 79000000 		.4byte	.LLST3
 786 0215 07       		.uleb128 0x7
 787 0216 14000000 		.4byte	.LVL18
 788 021a 23050000 		.4byte	0x523
 789 021e 3C020000 		.4byte	0x23c
 790 0222 08       		.uleb128 0x8
 791 0223 01       		.uleb128 0x1
 792 0224 53       		.byte	0x53
 793 0225 03       		.uleb128 0x3
 794 0226 0A       		.byte	0xa
 795 0227 0040     		.2byte	0x4000
 796 0229 08       		.uleb128 0x8
 797 022a 01       		.uleb128 0x1
 798 022b 52       		.byte	0x52
 799 022c 04       		.uleb128 0x4
 800 022d 75       		.byte	0x75
 801 022e 00       		.sleb128 0
 802 022f 40       		.byte	0x40
 803 0230 25       		.byte	0x25
 804 0231 08       		.uleb128 0x8
 805 0232 01       		.uleb128 0x1
 806 0233 51       		.byte	0x51
 807 0234 01       		.uleb128 0x1
 808 0235 31       		.byte	0x31
 809 0236 08       		.uleb128 0x8
 810 0237 01       		.uleb128 0x1
 811 0238 50       		.byte	0x50
 812 0239 01       		.uleb128 0x1
 813 023a 31       		.byte	0x31
 814 023b 00       		.byte	0
 815 023c 07       		.uleb128 0x7
 816 023d 24000000 		.4byte	.LVL19
 817 0241 C6040000 		.4byte	0x4c6
 818 0245 55020000 		.4byte	0x255
 819 0249 08       		.uleb128 0x8
 820 024a 01       		.uleb128 0x1
 821 024b 53       		.byte	0x53
 822 024c 01       		.uleb128 0x1
 823 024d 31       		.byte	0x31
 824 024e 08       		.uleb128 0x8
 825 024f 01       		.uleb128 0x1
 826 0250 51       		.byte	0x51
 827 0251 02       		.uleb128 0x2
 828 0252 76       		.byte	0x76
 829 0253 00       		.sleb128 0
 830 0254 00       		.byte	0
 831 0255 07       		.uleb128 0x7
 832 0256 30000000 		.4byte	.LVL20
ARM GAS  C:\Users\student\AppData\Local\Temp\ccDo4gUc.s 			page 21


 833 025a EA040000 		.4byte	0x4ea
 834 025e 70020000 		.4byte	0x270
 835 0262 08       		.uleb128 0x8
 836 0263 01       		.uleb128 0x1
 837 0264 52       		.byte	0x52
 838 0265 03       		.uleb128 0x3
 839 0266 0A       		.byte	0xa
 840 0267 825B     		.2byte	0x5b82
 841 0269 08       		.uleb128 0x8
 842 026a 01       		.uleb128 0x1
 843 026b 51       		.byte	0x51
 844 026c 02       		.uleb128 0x2
 845 026d 75       		.byte	0x75
 846 026e 00       		.sleb128 0
 847 026f 00       		.byte	0
 848 0270 06       		.uleb128 0x6
 849 0271 38000000 		.4byte	.LVL21
 850 0275 09050000 		.4byte	0x509
 851 0279 00       		.byte	0
 852 027a 05       		.uleb128 0x5
 853 027b 7E020000 		.4byte	.LASF23
 854 027f 01       		.byte	0x1
 855 0280 2B       		.byte	0x2b
 856 0281 00000000 		.4byte	.LFB0
 857 0285 40000000 		.4byte	.LFE0-.LFB0
 858 0289 01       		.uleb128 0x1
 859 028a 9C       		.byte	0x9c
 860 028b 01030000 		.4byte	0x301
 861 028f 06       		.uleb128 0x6
 862 0290 06000000 		.4byte	.LVL23
 863 0294 47050000 		.4byte	0x547
 864 0298 07       		.uleb128 0x7
 865 0299 0C000000 		.4byte	.LVL24
 866 029d 4E050000 		.4byte	0x54e
 867 02a1 AB020000 		.4byte	0x2ab
 868 02a5 08       		.uleb128 0x8
 869 02a6 01       		.uleb128 0x1
 870 02a7 50       		.byte	0x50
 871 02a8 01       		.uleb128 0x1
 872 02a9 32       		.byte	0x32
 873 02aa 00       		.byte	0
 874 02ab 07       		.uleb128 0x7
 875 02ac 12000000 		.4byte	.LVL25
 876 02b0 5F050000 		.4byte	0x55f
 877 02b4 BE020000 		.4byte	0x2be
 878 02b8 08       		.uleb128 0x8
 879 02b9 01       		.uleb128 0x1
 880 02ba 50       		.byte	0x50
 881 02bb 01       		.uleb128 0x1
 882 02bc 30       		.byte	0x30
 883 02bd 00       		.byte	0
 884 02be 06       		.uleb128 0x6
 885 02bf 16000000 		.4byte	.LVL26
 886 02c3 70050000 		.4byte	0x570
 887 02c7 06       		.uleb128 0x6
 888 02c8 1E000000 		.4byte	.LVL27
 889 02cc 70050000 		.4byte	0x570
ARM GAS  C:\Users\student\AppData\Local\Temp\ccDo4gUc.s 			page 22


 890 02d0 07       		.uleb128 0x7
 891 02d1 2A000000 		.4byte	.LVL28
 892 02d5 3C010000 		.4byte	0x13c
 893 02d9 EA020000 		.4byte	0x2ea
 894 02dd 08       		.uleb128 0x8
 895 02de 01       		.uleb128 0x1
 896 02df 51       		.byte	0x51
 897 02e0 02       		.uleb128 0x2
 898 02e1 08       		.byte	0x8
 899 02e2 22       		.byte	0x22
 900 02e3 08       		.uleb128 0x8
 901 02e4 01       		.uleb128 0x1
 902 02e5 50       		.byte	0x50
 903 02e6 02       		.uleb128 0x2
 904 02e7 74       		.byte	0x74
 905 02e8 00       		.sleb128 0
 906 02e9 00       		.byte	0
 907 02ea 09       		.uleb128 0x9
 908 02eb 34000000 		.4byte	.LVL29
 909 02ef DF010000 		.4byte	0x1df
 910 02f3 08       		.uleb128 0x8
 911 02f4 01       		.uleb128 0x1
 912 02f5 51       		.byte	0x51
 913 02f6 02       		.uleb128 0x2
 914 02f7 08       		.byte	0x8
 915 02f8 64       		.byte	0x64
 916 02f9 08       		.uleb128 0x8
 917 02fa 01       		.uleb128 0x1
 918 02fb 50       		.byte	0x50
 919 02fc 02       		.uleb128 0x2
 920 02fd 74       		.byte	0x74
 921 02fe 24       		.sleb128 36
 922 02ff 00       		.byte	0
 923 0300 00       		.byte	0
 924 0301 05       		.uleb128 0x5
 925 0302 5E000000 		.4byte	.LASF24
 926 0306 01       		.byte	0x1
 927 0307 81       		.byte	0x81
 928 0308 00000000 		.4byte	.LFB2
 929 030c 1C000000 		.4byte	.LFE2-.LFB2
 930 0310 01       		.uleb128 0x1
 931 0311 9C       		.byte	0x9c
 932 0312 29030000 		.4byte	0x329
 933 0316 06       		.uleb128 0x6
 934 0317 0C000000 		.4byte	.LVL30
 935 031b 7A020000 		.4byte	0x27a
 936 031f 06       		.uleb128 0x6
 937 0320 16000000 		.4byte	.LVL31
 938 0324 B7000000 		.4byte	0xb7
 939 0328 00       		.byte	0
 940 0329 05       		.uleb128 0x5
 941 032a D2020000 		.4byte	.LASF25
 942 032e 01       		.byte	0x1
 943 032f A3       		.byte	0xa3
 944 0330 00000000 		.4byte	.LFB3
 945 0334 18000000 		.4byte	.LFE3-.LFB3
 946 0338 01       		.uleb128 0x1
ARM GAS  C:\Users\student\AppData\Local\Temp\ccDo4gUc.s 			page 23


 947 0339 9C       		.byte	0x9c
 948 033a B3030000 		.4byte	0x3b3
 949 033e 0A       		.uleb128 0xa
 950 033f 77000000 		.4byte	.LASF26
 951 0343 01       		.byte	0x1
 952 0344 A3       		.byte	0xa3
 953 0345 D4010000 		.4byte	0x1d4
 954 0349 9A000000 		.4byte	.LLST4
 955 034d 0A       		.uleb128 0xa
 956 034e 35010000 		.4byte	.LASF27
 957 0352 01       		.byte	0x1
 958 0353 A3       		.byte	0xa3
 959 0354 77000000 		.4byte	0x77
 960 0358 BB000000 		.4byte	.LLST5
 961 035c 0A       		.uleb128 0xa
 962 035d 80000000 		.4byte	.LASF28
 963 0361 01       		.byte	0x1
 964 0362 A3       		.byte	0xa3
 965 0363 D4010000 		.4byte	0x1d4
 966 0367 DC000000 		.4byte	.LLST6
 967 036b 0A       		.uleb128 0xa
 968 036c 41010000 		.4byte	.LASF29
 969 0370 01       		.byte	0x1
 970 0371 A3       		.byte	0xa3
 971 0372 77000000 		.4byte	0x77
 972 0376 FA000000 		.4byte	.LLST7
 973 037a 07       		.uleb128 0x7
 974 037b 0A000000 		.4byte	.LVL33
 975 037f 3C010000 		.4byte	0x13c
 976 0383 8F030000 		.4byte	0x38f
 977 0387 08       		.uleb128 0x8
 978 0388 01       		.uleb128 0x1
 979 0389 50       		.byte	0x50
 980 038a 03       		.uleb128 0x3
 981 038b F3       		.byte	0xf3
 982 038c 01       		.uleb128 0x1
 983 038d 50       		.byte	0x50
 984 038e 00       		.byte	0
 985 038f 07       		.uleb128 0x7
 986 0390 12000000 		.4byte	.LVL34
 987 0394 DF010000 		.4byte	0x1df
 988 0398 A9030000 		.4byte	0x3a9
 989 039c 08       		.uleb128 0x8
 990 039d 01       		.uleb128 0x1
 991 039e 51       		.byte	0x51
 992 039f 02       		.uleb128 0x2
 993 03a0 74       		.byte	0x74
 994 03a1 00       		.sleb128 0
 995 03a2 08       		.uleb128 0x8
 996 03a3 01       		.uleb128 0x1
 997 03a4 50       		.byte	0x50
 998 03a5 02       		.uleb128 0x2
 999 03a6 75       		.byte	0x75
 1000 03a7 00       		.sleb128 0
 1001 03a8 00       		.byte	0
 1002 03a9 06       		.uleb128 0x6
 1003 03aa 16000000 		.4byte	.LVL35
ARM GAS  C:\Users\student\AppData\Local\Temp\ccDo4gUc.s 			page 24


 1004 03ae 01030000 		.4byte	0x301
 1005 03b2 00       		.byte	0
 1006 03b3 0F       		.uleb128 0xf
 1007 03b4 33030000 		.4byte	.LASF30
 1008 03b8 01       		.byte	0x1
 1009 03b9 17       		.byte	0x17
 1010 03ba 6B000000 		.4byte	0x6b
 1011 03be 05       		.uleb128 0x5
 1012 03bf 03       		.byte	0x3
 1013 03c0 00000000 		.4byte	dac_Wave1Chan
 1014 03c4 0F       		.uleb128 0xf
 1015 03c5 2B000000 		.4byte	.LASF31
 1016 03c9 01       		.byte	0x1
 1017 03ca 18       		.byte	0x18
 1018 03cb 6B000000 		.4byte	0x6b
 1019 03cf 05       		.uleb128 0x5
 1020 03d0 03       		.byte	0x3
 1021 03d1 01000000 		.4byte	dac_Wave2Chan
 1022 03d5 0F       		.uleb128 0xf
 1023 03d6 E8020000 		.4byte	.LASF32
 1024 03da 01       		.byte	0x1
 1025 03db 19       		.byte	0x19
 1026 03dc 6B000000 		.4byte	0x6b
 1027 03e0 05       		.uleb128 0x5
 1028 03e1 03       		.byte	0x3
 1029 03e2 02000000 		.4byte	dac_Wave1TD
 1030 03e6 0F       		.uleb128 0xf
 1031 03e7 99010000 		.4byte	.LASF33
 1032 03eb 01       		.byte	0x1
 1033 03ec 1A       		.byte	0x1a
 1034 03ed 6B000000 		.4byte	0x6b
 1035 03f1 05       		.uleb128 0x5
 1036 03f2 03       		.byte	0x3
 1037 03f3 03000000 		.4byte	dac_Wave2TD
 1038 03f7 10       		.uleb128 0x10
 1039 03f8 3A020000 		.4byte	.LASF34
 1040 03fc 01       		.byte	0x1
 1041 03fd 12       		.byte	0x12
 1042 03fe 6B000000 		.4byte	0x6b
 1043 0402 05       		.uleb128 0x5
 1044 0403 03       		.byte	0x3
 1045 0404 00000000 		.4byte	dac_initVar
 1046 0408 11       		.uleb128 0x11
 1047 0409 6B000000 		.4byte	0x6b
 1048 040d 18040000 		.4byte	0x418
 1049 0411 12       		.uleb128 0x12
 1050 0412 B0000000 		.4byte	0xb0
 1051 0416 21       		.byte	0x21
 1052 0417 00       		.byte	0
 1053 0418 10       		.uleb128 0x10
 1054 0419 BB000000 		.4byte	.LASF35
 1055 041d 01       		.byte	0x1
 1056 041e 14       		.byte	0x14
 1057 041f 29040000 		.4byte	0x429
 1058 0423 05       		.uleb128 0x5
 1059 0424 03       		.byte	0x3
 1060 0425 00000000 		.4byte	dac_wave1
ARM GAS  C:\Users\student\AppData\Local\Temp\ccDo4gUc.s 			page 25


 1061 0429 0C       		.uleb128 0xc
 1062 042a 08040000 		.4byte	0x408
 1063 042e 11       		.uleb128 0x11
 1064 042f 6B000000 		.4byte	0x6b
 1065 0433 3E040000 		.4byte	0x43e
 1066 0437 12       		.uleb128 0x12
 1067 0438 B0000000 		.4byte	0xb0
 1068 043c 63       		.byte	0x63
 1069 043d 00       		.byte	0
 1070 043e 10       		.uleb128 0x10
 1071 043f C5000000 		.4byte	.LASF36
 1072 0443 01       		.byte	0x1
 1073 0444 15       		.byte	0x15
 1074 0445 4F040000 		.4byte	0x44f
 1075 0449 05       		.uleb128 0x5
 1076 044a 03       		.byte	0x3
 1077 044b 00000000 		.4byte	dac_wave2
 1078 044f 0C       		.uleb128 0xc
 1079 0450 2E040000 		.4byte	0x42e
 1080 0454 13       		.uleb128 0x13
 1081 0455 9F000000 		.4byte	.LASF39
 1082 0459 04       		.byte	0x4
 1083 045a 3A       		.byte	0x3a
 1084 045b 14       		.uleb128 0x14
 1085 045c 84010000 		.4byte	.LASF37
 1086 0460 03       		.byte	0x3
 1087 0461 29       		.byte	0x29
 1088 0462 A4000000 		.4byte	0xa4
 1089 0466 75040000 		.4byte	0x475
 1090 046a 15       		.uleb128 0x15
 1091 046b 6B000000 		.4byte	0x6b
 1092 046f 15       		.uleb128 0x15
 1093 0470 6B000000 		.4byte	0x6b
 1094 0474 00       		.byte	0
 1095 0475 16       		.uleb128 0x16
 1096 0476 18000000 		.4byte	.LASF47
 1097 047a 04       		.byte	0x4
 1098 047b 37       		.byte	0x37
 1099 047c 86040000 		.4byte	0x486
 1100 0480 15       		.uleb128 0x15
 1101 0481 6B000000 		.4byte	0x6b
 1102 0485 00       		.byte	0
 1103 0486 14       		.uleb128 0x14
 1104 0487 4D030000 		.4byte	.LASF38
 1105 048b 03       		.byte	0x3
 1106 048c 2A       		.byte	0x2a
 1107 048d A4000000 		.4byte	0xa4
 1108 0491 9B040000 		.4byte	0x49b
 1109 0495 15       		.uleb128 0x15
 1110 0496 6B000000 		.4byte	0x6b
 1111 049a 00       		.byte	0
 1112 049b 13       		.uleb128 0x13
 1113 049c 68000000 		.4byte	.LASF40
 1114 04a0 04       		.byte	0x4
 1115 04a1 34       		.byte	0x34
 1116 04a2 14       		.uleb128 0x14
 1117 04a3 03030000 		.4byte	.LASF41
ARM GAS  C:\Users\student\AppData\Local\Temp\ccDo4gUc.s 			page 26


 1118 04a7 05       		.byte	0x5
 1119 04a8 1E       		.byte	0x1e
 1120 04a9 6B000000 		.4byte	0x6b
 1121 04ad C6040000 		.4byte	0x4c6
 1122 04b1 15       		.uleb128 0x15
 1123 04b2 6B000000 		.4byte	0x6b
 1124 04b6 15       		.uleb128 0x15
 1125 04b7 6B000000 		.4byte	0x6b
 1126 04bb 15       		.uleb128 0x15
 1127 04bc 77000000 		.4byte	0x77
 1128 04c0 15       		.uleb128 0x15
 1129 04c1 77000000 		.4byte	0x77
 1130 04c5 00       		.byte	0
 1131 04c6 14       		.uleb128 0x14
 1132 04c7 CF000000 		.4byte	.LASF42
 1133 04cb 03       		.byte	0x3
 1134 04cc 3B       		.byte	0x3b
 1135 04cd A4000000 		.4byte	0xa4
 1136 04d1 EA040000 		.4byte	0x4ea
 1137 04d5 15       		.uleb128 0x15
 1138 04d6 6B000000 		.4byte	0x6b
 1139 04da 15       		.uleb128 0x15
 1140 04db 77000000 		.4byte	0x77
 1141 04df 15       		.uleb128 0x15
 1142 04e0 6B000000 		.4byte	0x6b
 1143 04e4 15       		.uleb128 0x15
 1144 04e5 6B000000 		.4byte	0x6b
 1145 04e9 00       		.byte	0
 1146 04ea 14       		.uleb128 0x14
 1147 04eb 39000000 		.4byte	.LASF43
 1148 04ef 03       		.byte	0x3
 1149 04f0 3F       		.byte	0x3f
 1150 04f1 A4000000 		.4byte	0xa4
 1151 04f5 09050000 		.4byte	0x509
 1152 04f9 15       		.uleb128 0x15
 1153 04fa 6B000000 		.4byte	0x6b
 1154 04fe 15       		.uleb128 0x15
 1155 04ff 77000000 		.4byte	0x77
 1156 0503 15       		.uleb128 0x15
 1157 0504 77000000 		.4byte	0x77
 1158 0508 00       		.byte	0
 1159 0509 14       		.uleb128 0x14
 1160 050a 53020000 		.4byte	.LASF44
 1161 050e 03       		.byte	0x3
 1162 050f 2F       		.byte	0x2f
 1163 0510 A4000000 		.4byte	0xa4
 1164 0514 23050000 		.4byte	0x523
 1165 0518 15       		.uleb128 0x15
 1166 0519 6B000000 		.4byte	0x6b
 1167 051d 15       		.uleb128 0x15
 1168 051e 6B000000 		.4byte	0x6b
 1169 0522 00       		.byte	0
 1170 0523 14       		.uleb128 0x14
 1171 0524 9A020000 		.4byte	.LASF45
 1172 0528 06       		.byte	0x6
 1173 0529 1E       		.byte	0x1e
 1174 052a 6B000000 		.4byte	0x6b
ARM GAS  C:\Users\student\AppData\Local\Temp\ccDo4gUc.s 			page 27


 1175 052e 47050000 		.4byte	0x547
 1176 0532 15       		.uleb128 0x15
 1177 0533 6B000000 		.4byte	0x6b
 1178 0537 15       		.uleb128 0x15
 1179 0538 6B000000 		.4byte	0x6b
 1180 053c 15       		.uleb128 0x15
 1181 053d 77000000 		.4byte	0x77
 1182 0541 15       		.uleb128 0x15
 1183 0542 77000000 		.4byte	0x77
 1184 0546 00       		.byte	0
 1185 0547 13       		.uleb128 0x13
 1186 0548 F4020000 		.4byte	.LASF46
 1187 054c 04       		.byte	0x4
 1188 054d 39       		.byte	0x39
 1189 054e 16       		.uleb128 0x16
 1190 054f 87020000 		.4byte	.LASF48
 1191 0553 04       		.byte	0x4
 1192 0554 35       		.byte	0x35
 1193 0555 5F050000 		.4byte	0x55f
 1194 0559 15       		.uleb128 0x15
 1195 055a 6B000000 		.4byte	0x6b
 1196 055e 00       		.byte	0
 1197 055f 16       		.uleb128 0x16
 1198 0560 5C010000 		.4byte	.LASF49
 1199 0564 04       		.byte	0x4
 1200 0565 36       		.byte	0x36
 1201 0566 70050000 		.4byte	0x570
 1202 056a 15       		.uleb128 0x15
 1203 056b 6B000000 		.4byte	0x6b
 1204 056f 00       		.byte	0
 1205 0570 17       		.uleb128 0x17
 1206 0571 89000000 		.4byte	.LASF53
 1207 0575 03       		.byte	0x3
 1208 0576 38       		.byte	0x38
 1209 0577 6B000000 		.4byte	0x6b
 1210 057b 00       		.byte	0
 1211              		.section	.debug_abbrev,"",%progbits
 1212              	.Ldebug_abbrev0:
 1213 0000 01       		.uleb128 0x1
 1214 0001 11       		.uleb128 0x11
 1215 0002 01       		.byte	0x1
 1216 0003 25       		.uleb128 0x25
 1217 0004 0E       		.uleb128 0xe
 1218 0005 13       		.uleb128 0x13
 1219 0006 0B       		.uleb128 0xb
 1220 0007 03       		.uleb128 0x3
 1221 0008 0E       		.uleb128 0xe
 1222 0009 1B       		.uleb128 0x1b
 1223 000a 0E       		.uleb128 0xe
 1224 000b 55       		.uleb128 0x55
 1225 000c 17       		.uleb128 0x17
 1226 000d 11       		.uleb128 0x11
 1227 000e 01       		.uleb128 0x1
 1228 000f 10       		.uleb128 0x10
 1229 0010 17       		.uleb128 0x17
 1230 0011 00       		.byte	0
 1231 0012 00       		.byte	0
ARM GAS  C:\Users\student\AppData\Local\Temp\ccDo4gUc.s 			page 28


 1232 0013 02       		.uleb128 0x2
 1233 0014 24       		.uleb128 0x24
 1234 0015 00       		.byte	0
 1235 0016 0B       		.uleb128 0xb
 1236 0017 0B       		.uleb128 0xb
 1237 0018 3E       		.uleb128 0x3e
 1238 0019 0B       		.uleb128 0xb
 1239 001a 03       		.uleb128 0x3
 1240 001b 0E       		.uleb128 0xe
 1241 001c 00       		.byte	0
 1242 001d 00       		.byte	0
 1243 001e 03       		.uleb128 0x3
 1244 001f 24       		.uleb128 0x24
 1245 0020 00       		.byte	0
 1246 0021 0B       		.uleb128 0xb
 1247 0022 0B       		.uleb128 0xb
 1248 0023 3E       		.uleb128 0x3e
 1249 0024 0B       		.uleb128 0xb
 1250 0025 03       		.uleb128 0x3
 1251 0026 08       		.uleb128 0x8
 1252 0027 00       		.byte	0
 1253 0028 00       		.byte	0
 1254 0029 04       		.uleb128 0x4
 1255 002a 16       		.uleb128 0x16
 1256 002b 00       		.byte	0
 1257 002c 03       		.uleb128 0x3
 1258 002d 0E       		.uleb128 0xe
 1259 002e 3A       		.uleb128 0x3a
 1260 002f 0B       		.uleb128 0xb
 1261 0030 3B       		.uleb128 0x3b
 1262 0031 05       		.uleb128 0x5
 1263 0032 49       		.uleb128 0x49
 1264 0033 13       		.uleb128 0x13
 1265 0034 00       		.byte	0
 1266 0035 00       		.byte	0
 1267 0036 05       		.uleb128 0x5
 1268 0037 2E       		.uleb128 0x2e
 1269 0038 01       		.byte	0x1
 1270 0039 3F       		.uleb128 0x3f
 1271 003a 19       		.uleb128 0x19
 1272 003b 03       		.uleb128 0x3
 1273 003c 0E       		.uleb128 0xe
 1274 003d 3A       		.uleb128 0x3a
 1275 003e 0B       		.uleb128 0xb
 1276 003f 3B       		.uleb128 0x3b
 1277 0040 0B       		.uleb128 0xb
 1278 0041 27       		.uleb128 0x27
 1279 0042 19       		.uleb128 0x19
 1280 0043 11       		.uleb128 0x11
 1281 0044 01       		.uleb128 0x1
 1282 0045 12       		.uleb128 0x12
 1283 0046 06       		.uleb128 0x6
 1284 0047 40       		.uleb128 0x40
 1285 0048 18       		.uleb128 0x18
 1286 0049 9742     		.uleb128 0x2117
 1287 004b 19       		.uleb128 0x19
 1288 004c 01       		.uleb128 0x1
ARM GAS  C:\Users\student\AppData\Local\Temp\ccDo4gUc.s 			page 29


 1289 004d 13       		.uleb128 0x13
 1290 004e 00       		.byte	0
 1291 004f 00       		.byte	0
 1292 0050 06       		.uleb128 0x6
 1293 0051 898201   		.uleb128 0x4109
 1294 0054 00       		.byte	0
 1295 0055 11       		.uleb128 0x11
 1296 0056 01       		.uleb128 0x1
 1297 0057 31       		.uleb128 0x31
 1298 0058 13       		.uleb128 0x13
 1299 0059 00       		.byte	0
 1300 005a 00       		.byte	0
 1301 005b 07       		.uleb128 0x7
 1302 005c 898201   		.uleb128 0x4109
 1303 005f 01       		.byte	0x1
 1304 0060 11       		.uleb128 0x11
 1305 0061 01       		.uleb128 0x1
 1306 0062 31       		.uleb128 0x31
 1307 0063 13       		.uleb128 0x13
 1308 0064 01       		.uleb128 0x1
 1309 0065 13       		.uleb128 0x13
 1310 0066 00       		.byte	0
 1311 0067 00       		.byte	0
 1312 0068 08       		.uleb128 0x8
 1313 0069 8A8201   		.uleb128 0x410a
 1314 006c 00       		.byte	0
 1315 006d 02       		.uleb128 0x2
 1316 006e 18       		.uleb128 0x18
 1317 006f 9142     		.uleb128 0x2111
 1318 0071 18       		.uleb128 0x18
 1319 0072 00       		.byte	0
 1320 0073 00       		.byte	0
 1321 0074 09       		.uleb128 0x9
 1322 0075 898201   		.uleb128 0x4109
 1323 0078 01       		.byte	0x1
 1324 0079 11       		.uleb128 0x11
 1325 007a 01       		.uleb128 0x1
 1326 007b 31       		.uleb128 0x31
 1327 007c 13       		.uleb128 0x13
 1328 007d 00       		.byte	0
 1329 007e 00       		.byte	0
 1330 007f 0A       		.uleb128 0xa
 1331 0080 05       		.uleb128 0x5
 1332 0081 00       		.byte	0
 1333 0082 03       		.uleb128 0x3
 1334 0083 0E       		.uleb128 0xe
 1335 0084 3A       		.uleb128 0x3a
 1336 0085 0B       		.uleb128 0xb
 1337 0086 3B       		.uleb128 0x3b
 1338 0087 0B       		.uleb128 0xb
 1339 0088 49       		.uleb128 0x49
 1340 0089 13       		.uleb128 0x13
 1341 008a 02       		.uleb128 0x2
 1342 008b 17       		.uleb128 0x17
 1343 008c 00       		.byte	0
 1344 008d 00       		.byte	0
 1345 008e 0B       		.uleb128 0xb
ARM GAS  C:\Users\student\AppData\Local\Temp\ccDo4gUc.s 			page 30


 1346 008f 0F       		.uleb128 0xf
 1347 0090 00       		.byte	0
 1348 0091 0B       		.uleb128 0xb
 1349 0092 0B       		.uleb128 0xb
 1350 0093 49       		.uleb128 0x49
 1351 0094 13       		.uleb128 0x13
 1352 0095 00       		.byte	0
 1353 0096 00       		.byte	0
 1354 0097 0C       		.uleb128 0xc
 1355 0098 26       		.uleb128 0x26
 1356 0099 00       		.byte	0
 1357 009a 49       		.uleb128 0x49
 1358 009b 13       		.uleb128 0x13
 1359 009c 00       		.byte	0
 1360 009d 00       		.byte	0
 1361 009e 0D       		.uleb128 0xd
 1362 009f 2E       		.uleb128 0x2e
 1363 00a0 01       		.byte	0x1
 1364 00a1 3F       		.uleb128 0x3f
 1365 00a2 19       		.uleb128 0x19
 1366 00a3 03       		.uleb128 0x3
 1367 00a4 0E       		.uleb128 0xe
 1368 00a5 3A       		.uleb128 0x3a
 1369 00a6 0B       		.uleb128 0xb
 1370 00a7 3B       		.uleb128 0x3b
 1371 00a8 05       		.uleb128 0x5
 1372 00a9 27       		.uleb128 0x27
 1373 00aa 19       		.uleb128 0x19
 1374 00ab 11       		.uleb128 0x11
 1375 00ac 01       		.uleb128 0x1
 1376 00ad 12       		.uleb128 0x12
 1377 00ae 06       		.uleb128 0x6
 1378 00af 40       		.uleb128 0x40
 1379 00b0 18       		.uleb128 0x18
 1380 00b1 9742     		.uleb128 0x2117
 1381 00b3 19       		.uleb128 0x19
 1382 00b4 01       		.uleb128 0x1
 1383 00b5 13       		.uleb128 0x13
 1384 00b6 00       		.byte	0
 1385 00b7 00       		.byte	0
 1386 00b8 0E       		.uleb128 0xe
 1387 00b9 05       		.uleb128 0x5
 1388 00ba 00       		.byte	0
 1389 00bb 03       		.uleb128 0x3
 1390 00bc 0E       		.uleb128 0xe
 1391 00bd 3A       		.uleb128 0x3a
 1392 00be 0B       		.uleb128 0xb
 1393 00bf 3B       		.uleb128 0x3b
 1394 00c0 05       		.uleb128 0x5
 1395 00c1 49       		.uleb128 0x49
 1396 00c2 13       		.uleb128 0x13
 1397 00c3 02       		.uleb128 0x2
 1398 00c4 17       		.uleb128 0x17
 1399 00c5 00       		.byte	0
 1400 00c6 00       		.byte	0
 1401 00c7 0F       		.uleb128 0xf
 1402 00c8 34       		.uleb128 0x34
ARM GAS  C:\Users\student\AppData\Local\Temp\ccDo4gUc.s 			page 31


 1403 00c9 00       		.byte	0
 1404 00ca 03       		.uleb128 0x3
 1405 00cb 0E       		.uleb128 0xe
 1406 00cc 3A       		.uleb128 0x3a
 1407 00cd 0B       		.uleb128 0xb
 1408 00ce 3B       		.uleb128 0x3b
 1409 00cf 0B       		.uleb128 0xb
 1410 00d0 49       		.uleb128 0x49
 1411 00d1 13       		.uleb128 0x13
 1412 00d2 02       		.uleb128 0x2
 1413 00d3 18       		.uleb128 0x18
 1414 00d4 00       		.byte	0
 1415 00d5 00       		.byte	0
 1416 00d6 10       		.uleb128 0x10
 1417 00d7 34       		.uleb128 0x34
 1418 00d8 00       		.byte	0
 1419 00d9 03       		.uleb128 0x3
 1420 00da 0E       		.uleb128 0xe
 1421 00db 3A       		.uleb128 0x3a
 1422 00dc 0B       		.uleb128 0xb
 1423 00dd 3B       		.uleb128 0x3b
 1424 00de 0B       		.uleb128 0xb
 1425 00df 49       		.uleb128 0x49
 1426 00e0 13       		.uleb128 0x13
 1427 00e1 3F       		.uleb128 0x3f
 1428 00e2 19       		.uleb128 0x19
 1429 00e3 02       		.uleb128 0x2
 1430 00e4 18       		.uleb128 0x18
 1431 00e5 00       		.byte	0
 1432 00e6 00       		.byte	0
 1433 00e7 11       		.uleb128 0x11
 1434 00e8 01       		.uleb128 0x1
 1435 00e9 01       		.byte	0x1
 1436 00ea 49       		.uleb128 0x49
 1437 00eb 13       		.uleb128 0x13
 1438 00ec 01       		.uleb128 0x1
 1439 00ed 13       		.uleb128 0x13
 1440 00ee 00       		.byte	0
 1441 00ef 00       		.byte	0
 1442 00f0 12       		.uleb128 0x12
 1443 00f1 21       		.uleb128 0x21
 1444 00f2 00       		.byte	0
 1445 00f3 49       		.uleb128 0x49
 1446 00f4 13       		.uleb128 0x13
 1447 00f5 2F       		.uleb128 0x2f
 1448 00f6 0B       		.uleb128 0xb
 1449 00f7 00       		.byte	0
 1450 00f8 00       		.byte	0
 1451 00f9 13       		.uleb128 0x13
 1452 00fa 2E       		.uleb128 0x2e
 1453 00fb 00       		.byte	0
 1454 00fc 3F       		.uleb128 0x3f
 1455 00fd 19       		.uleb128 0x19
 1456 00fe 03       		.uleb128 0x3
 1457 00ff 0E       		.uleb128 0xe
 1458 0100 3A       		.uleb128 0x3a
 1459 0101 0B       		.uleb128 0xb
ARM GAS  C:\Users\student\AppData\Local\Temp\ccDo4gUc.s 			page 32


 1460 0102 3B       		.uleb128 0x3b
 1461 0103 0B       		.uleb128 0xb
 1462 0104 27       		.uleb128 0x27
 1463 0105 19       		.uleb128 0x19
 1464 0106 3C       		.uleb128 0x3c
 1465 0107 19       		.uleb128 0x19
 1466 0108 00       		.byte	0
 1467 0109 00       		.byte	0
 1468 010a 14       		.uleb128 0x14
 1469 010b 2E       		.uleb128 0x2e
 1470 010c 01       		.byte	0x1
 1471 010d 3F       		.uleb128 0x3f
 1472 010e 19       		.uleb128 0x19
 1473 010f 03       		.uleb128 0x3
 1474 0110 0E       		.uleb128 0xe
 1475 0111 3A       		.uleb128 0x3a
 1476 0112 0B       		.uleb128 0xb
 1477 0113 3B       		.uleb128 0x3b
 1478 0114 0B       		.uleb128 0xb
 1479 0115 27       		.uleb128 0x27
 1480 0116 19       		.uleb128 0x19
 1481 0117 49       		.uleb128 0x49
 1482 0118 13       		.uleb128 0x13
 1483 0119 3C       		.uleb128 0x3c
 1484 011a 19       		.uleb128 0x19
 1485 011b 01       		.uleb128 0x1
 1486 011c 13       		.uleb128 0x13
 1487 011d 00       		.byte	0
 1488 011e 00       		.byte	0
 1489 011f 15       		.uleb128 0x15
 1490 0120 05       		.uleb128 0x5
 1491 0121 00       		.byte	0
 1492 0122 49       		.uleb128 0x49
 1493 0123 13       		.uleb128 0x13
 1494 0124 00       		.byte	0
 1495 0125 00       		.byte	0
 1496 0126 16       		.uleb128 0x16
 1497 0127 2E       		.uleb128 0x2e
 1498 0128 01       		.byte	0x1
 1499 0129 3F       		.uleb128 0x3f
 1500 012a 19       		.uleb128 0x19
 1501 012b 03       		.uleb128 0x3
 1502 012c 0E       		.uleb128 0xe
 1503 012d 3A       		.uleb128 0x3a
 1504 012e 0B       		.uleb128 0xb
 1505 012f 3B       		.uleb128 0x3b
 1506 0130 0B       		.uleb128 0xb
 1507 0131 27       		.uleb128 0x27
 1508 0132 19       		.uleb128 0x19
 1509 0133 3C       		.uleb128 0x3c
 1510 0134 19       		.uleb128 0x19
 1511 0135 01       		.uleb128 0x1
 1512 0136 13       		.uleb128 0x13
 1513 0137 00       		.byte	0
 1514 0138 00       		.byte	0
 1515 0139 17       		.uleb128 0x17
 1516 013a 2E       		.uleb128 0x2e
ARM GAS  C:\Users\student\AppData\Local\Temp\ccDo4gUc.s 			page 33


 1517 013b 00       		.byte	0
 1518 013c 3F       		.uleb128 0x3f
 1519 013d 19       		.uleb128 0x19
 1520 013e 03       		.uleb128 0x3
 1521 013f 0E       		.uleb128 0xe
 1522 0140 3A       		.uleb128 0x3a
 1523 0141 0B       		.uleb128 0xb
 1524 0142 3B       		.uleb128 0x3b
 1525 0143 0B       		.uleb128 0xb
 1526 0144 27       		.uleb128 0x27
 1527 0145 19       		.uleb128 0x19
 1528 0146 49       		.uleb128 0x49
 1529 0147 13       		.uleb128 0x13
 1530 0148 3C       		.uleb128 0x3c
 1531 0149 19       		.uleb128 0x19
 1532 014a 00       		.byte	0
 1533 014b 00       		.byte	0
 1534 014c 00       		.byte	0
 1535              		.section	.debug_loc,"",%progbits
 1536              	.Ldebug_loc0:
 1537              	.LLST0:
 1538 0000 00000000 		.4byte	.LVL7
 1539 0004 08000000 		.4byte	.LVL8
 1540 0008 0100     		.2byte	0x1
 1541 000a 50       		.byte	0x50
 1542 000b 08000000 		.4byte	.LVL8
 1543 000f 3A000000 		.4byte	.LVL14
 1544 0013 0100     		.2byte	0x1
 1545 0015 55       		.byte	0x55
 1546 0016 3A000000 		.4byte	.LVL14
 1547 001a 40000000 		.4byte	.LFE5
 1548 001e 0400     		.2byte	0x4
 1549 0020 F3       		.byte	0xf3
 1550 0021 01       		.uleb128 0x1
 1551 0022 50       		.byte	0x50
 1552 0023 9F       		.byte	0x9f
 1553 0024 00000000 		.4byte	0
 1554 0028 00000000 		.4byte	0
 1555              	.LLST1:
 1556 002c 00000000 		.4byte	.LVL7
 1557 0030 0A000000 		.4byte	.LVL9
 1558 0034 0100     		.2byte	0x1
 1559 0036 51       		.byte	0x51
 1560 0037 0A000000 		.4byte	.LVL9
 1561 003b 40000000 		.4byte	.LFE5
 1562 003f 0400     		.2byte	0x4
 1563 0041 F3       		.byte	0xf3
 1564 0042 01       		.uleb128 0x1
 1565 0043 51       		.byte	0x51
 1566 0044 9F       		.byte	0x9f
 1567 0045 00000000 		.4byte	0
 1568 0049 00000000 		.4byte	0
 1569              	.LLST2:
 1570 004d 00000000 		.4byte	.LVL15
 1571 0051 08000000 		.4byte	.LVL16
 1572 0055 0100     		.2byte	0x1
 1573 0057 50       		.byte	0x50
ARM GAS  C:\Users\student\AppData\Local\Temp\ccDo4gUc.s 			page 34


 1574 0058 08000000 		.4byte	.LVL16
 1575 005c 3A000000 		.4byte	.LVL22
 1576 0060 0100     		.2byte	0x1
 1577 0062 55       		.byte	0x55
 1578 0063 3A000000 		.4byte	.LVL22
 1579 0067 40000000 		.4byte	.LFE6
 1580 006b 0400     		.2byte	0x4
 1581 006d F3       		.byte	0xf3
 1582 006e 01       		.uleb128 0x1
 1583 006f 50       		.byte	0x50
 1584 0070 9F       		.byte	0x9f
 1585 0071 00000000 		.4byte	0
 1586 0075 00000000 		.4byte	0
 1587              	.LLST3:
 1588 0079 00000000 		.4byte	.LVL15
 1589 007d 0A000000 		.4byte	.LVL17
 1590 0081 0100     		.2byte	0x1
 1591 0083 51       		.byte	0x51
 1592 0084 0A000000 		.4byte	.LVL17
 1593 0088 40000000 		.4byte	.LFE6
 1594 008c 0400     		.2byte	0x4
 1595 008e F3       		.byte	0xf3
 1596 008f 01       		.uleb128 0x1
 1597 0090 51       		.byte	0x51
 1598 0091 9F       		.byte	0x9f
 1599 0092 00000000 		.4byte	0
 1600 0096 00000000 		.4byte	0
 1601              	.LLST4:
 1602 009a 00000000 		.4byte	.LVL32
 1603 009e 09000000 		.4byte	.LVL33-1
 1604 00a2 0100     		.2byte	0x1
 1605 00a4 50       		.byte	0x50
 1606 00a5 09000000 		.4byte	.LVL33-1
 1607 00a9 18000000 		.4byte	.LFE3
 1608 00ad 0400     		.2byte	0x4
 1609 00af F3       		.byte	0xf3
 1610 00b0 01       		.uleb128 0x1
 1611 00b1 50       		.byte	0x50
 1612 00b2 9F       		.byte	0x9f
 1613 00b3 00000000 		.4byte	0
 1614 00b7 00000000 		.4byte	0
 1615              	.LLST5:
 1616 00bb 00000000 		.4byte	.LVL32
 1617 00bf 09000000 		.4byte	.LVL33-1
 1618 00c3 0100     		.2byte	0x1
 1619 00c5 51       		.byte	0x51
 1620 00c6 09000000 		.4byte	.LVL33-1
 1621 00ca 18000000 		.4byte	.LFE3
 1622 00ce 0400     		.2byte	0x4
 1623 00d0 F3       		.byte	0xf3
 1624 00d1 01       		.uleb128 0x1
 1625 00d2 51       		.byte	0x51
 1626 00d3 9F       		.byte	0x9f
 1627 00d4 00000000 		.4byte	0
 1628 00d8 00000000 		.4byte	0
 1629              	.LLST6:
 1630 00dc 00000000 		.4byte	.LVL32
ARM GAS  C:\Users\student\AppData\Local\Temp\ccDo4gUc.s 			page 35


 1631 00e0 09000000 		.4byte	.LVL33-1
 1632 00e4 0100     		.2byte	0x1
 1633 00e6 52       		.byte	0x52
 1634 00e7 09000000 		.4byte	.LVL33-1
 1635 00eb 18000000 		.4byte	.LFE3
 1636 00ef 0100     		.2byte	0x1
 1637 00f1 55       		.byte	0x55
 1638 00f2 00000000 		.4byte	0
 1639 00f6 00000000 		.4byte	0
 1640              	.LLST7:
 1641 00fa 00000000 		.4byte	.LVL32
 1642 00fe 09000000 		.4byte	.LVL33-1
 1643 0102 0100     		.2byte	0x1
 1644 0104 53       		.byte	0x53
 1645 0105 09000000 		.4byte	.LVL33-1
 1646 0109 18000000 		.4byte	.LFE3
 1647 010d 0400     		.2byte	0x4
 1648 010f F3       		.byte	0xf3
 1649 0110 01       		.uleb128 0x1
 1650 0111 53       		.byte	0x53
 1651 0112 9F       		.byte	0x9f
 1652 0113 00000000 		.4byte	0
 1653 0117 00000000 		.4byte	0
 1654              		.section	.debug_aranges,"",%progbits
 1655 0000 4C000000 		.4byte	0x4c
 1656 0004 0200     		.2byte	0x2
 1657 0006 00000000 		.4byte	.Ldebug_info0
 1658 000a 04       		.byte	0x4
 1659 000b 00       		.byte	0
 1660 000c 0000     		.2byte	0
 1661 000e 0000     		.2byte	0
 1662 0010 00000000 		.4byte	.LFB1
 1663 0014 24000000 		.4byte	.LFE1-.LFB1
 1664 0018 00000000 		.4byte	.LFB4
 1665 001c 1C000000 		.4byte	.LFE4-.LFB4
 1666 0020 00000000 		.4byte	.LFB5
 1667 0024 40000000 		.4byte	.LFE5-.LFB5
 1668 0028 00000000 		.4byte	.LFB6
 1669 002c 40000000 		.4byte	.LFE6-.LFB6
 1670 0030 00000000 		.4byte	.LFB0
 1671 0034 40000000 		.4byte	.LFE0-.LFB0
 1672 0038 00000000 		.4byte	.LFB2
 1673 003c 1C000000 		.4byte	.LFE2-.LFB2
 1674 0040 00000000 		.4byte	.LFB3
 1675 0044 18000000 		.4byte	.LFE3-.LFB3
 1676 0048 00000000 		.4byte	0
 1677 004c 00000000 		.4byte	0
 1678              		.section	.debug_ranges,"",%progbits
 1679              	.Ldebug_ranges0:
 1680 0000 00000000 		.4byte	.LFB1
 1681 0004 24000000 		.4byte	.LFE1
 1682 0008 00000000 		.4byte	.LFB4
 1683 000c 1C000000 		.4byte	.LFE4
 1684 0010 00000000 		.4byte	.LFB5
 1685 0014 40000000 		.4byte	.LFE5
 1686 0018 00000000 		.4byte	.LFB6
 1687 001c 40000000 		.4byte	.LFE6
ARM GAS  C:\Users\student\AppData\Local\Temp\ccDo4gUc.s 			page 36


 1688 0020 00000000 		.4byte	.LFB0
 1689 0024 40000000 		.4byte	.LFE0
 1690 0028 00000000 		.4byte	.LFB2
 1691 002c 1C000000 		.4byte	.LFE2
 1692 0030 00000000 		.4byte	.LFB3
 1693 0034 18000000 		.4byte	.LFE3
 1694 0038 00000000 		.4byte	0
 1695 003c 00000000 		.4byte	0
 1696              		.section	.debug_line,"",%progbits
 1697              	.Ldebug_line0:
 1698 0000 40010000 		.section	.debug_str,"MS",%progbits,1
 1698      0200A200 
 1698      00000201 
 1698      FB0E0D00 
 1698      01010101 
 1699              	.LASF15:
 1700 0000 63797374 		.ascii	"cystatus\000"
 1700      61747573 
 1700      00
 1701              	.LASF19:
 1702 0009 6461635F 		.ascii	"dac_Wave1Setup\000"
 1702      57617665 
 1702      31536574 
 1702      757000
 1703              	.LASF47:
 1704 0018 6461635F 		.ascii	"dac_VDAC8_SetValue\000"
 1704      56444143 
 1704      385F5365 
 1704      7456616C 
 1704      756500
 1705              	.LASF31:
 1706 002b 6461635F 		.ascii	"dac_Wave2Chan\000"
 1706      57617665 
 1706      32436861 
 1706      6E00
 1707              	.LASF43:
 1708 0039 4379446D 		.ascii	"CyDmaTdSetAddress\000"
 1708      61546453 
 1708      65744164 
 1708      64726573 
 1708      7300
 1709              	.LASF3:
 1710 004b 73686F72 		.ascii	"short unsigned int\000"
 1710      7420756E 
 1710      7369676E 
 1710      65642069 
 1710      6E7400
 1711              	.LASF24:
 1712 005e 6461635F 		.ascii	"dac_Start\000"
 1712      53746172 
 1712      7400
 1713              	.LASF40:
 1714 0068 6461635F 		.ascii	"dac_VDAC8_Stop\000"
 1714      56444143 
 1714      385F5374 
 1714      6F7000
 1715              	.LASF26:
ARM GAS  C:\Users\student\AppData\Local\Temp\ccDo4gUc.s 			page 37


 1716 0077 77617665 		.ascii	"wavePtr1\000"
 1716      50747231 
 1716      00
 1717              	.LASF28:
 1718 0080 77617665 		.ascii	"wavePtr2\000"
 1718      50747232 
 1718      00
 1719              	.LASF53:
 1720 0089 4379446D 		.ascii	"CyDmaTdAllocate\000"
 1720      61546441 
 1720      6C6C6F63 
 1720      61746500 
 1721              	.LASF12:
 1722 0099 666C6F61 		.ascii	"float\000"
 1722      7400
 1723              	.LASF39:
 1724 009f 6461635F 		.ascii	"dac_VDAC8_Enable\000"
 1724      56444143 
 1724      385F456E 
 1724      61626C65 
 1724      00
 1725              	.LASF21:
 1726 00b0 73616D70 		.ascii	"sampleSize\000"
 1726      6C655369 
 1726      7A6500
 1727              	.LASF35:
 1728 00bb 6461635F 		.ascii	"dac_wave1\000"
 1728      77617665 
 1728      3100
 1729              	.LASF36:
 1730 00c5 6461635F 		.ascii	"dac_wave2\000"
 1730      77617665 
 1730      3200
 1731              	.LASF42:
 1732 00cf 4379446D 		.ascii	"CyDmaTdSetConfiguration\000"
 1732      61546453 
 1732      6574436F 
 1732      6E666967 
 1732      75726174 
 1733              	.LASF5:
 1734 00e7 6C6F6E67 		.ascii	"long unsigned int\000"
 1734      20756E73 
 1734      69676E65 
 1734      6420696E 
 1734      7400
 1735              	.LASF52:
 1736 00f9 443A5C66 		.ascii	"D:\\final project\\Workspace01\\Jazzy_Dude.cydsn\000"
 1736      696E616C 
 1736      2070726F 
 1736      6A656374 
 1736      5C576F72 
 1737              	.LASF9:
 1738 0127 75696E74 		.ascii	"uint8\000"
 1738      3800
 1739              	.LASF20:
 1740 012d 77617665 		.ascii	"wavePtr\000"
 1740      50747200 
ARM GAS  C:\Users\student\AppData\Local\Temp\ccDo4gUc.s 			page 38


 1741              	.LASF27:
 1742 0135 73616D70 		.ascii	"sampleSize1\000"
 1742      6C655369 
 1742      7A653100 
 1743              	.LASF29:
 1744 0141 73616D70 		.ascii	"sampleSize2\000"
 1744      6C655369 
 1744      7A653200 
 1745              	.LASF22:
 1746 014d 6461635F 		.ascii	"dac_Wave2Setup\000"
 1746      57617665 
 1746      32536574 
 1746      757000
 1747              	.LASF49:
 1748 015c 6461635F 		.ascii	"dac_VDAC8_SetRange\000"
 1748      56444143 
 1748      385F5365 
 1748      7452616E 
 1748      676500
 1749              	.LASF1:
 1750 016f 756E7369 		.ascii	"unsigned char\000"
 1750      676E6564 
 1750      20636861 
 1750      7200
 1751              	.LASF13:
 1752 017d 646F7562 		.ascii	"double\000"
 1752      6C6500
 1753              	.LASF37:
 1754 0184 4379446D 		.ascii	"CyDmaChEnable\000"
 1754      61436845 
 1754      6E61626C 
 1754      6500
 1755              	.LASF10:
 1756 0192 75696E74 		.ascii	"uint16\000"
 1756      313600
 1757              	.LASF33:
 1758 0199 6461635F 		.ascii	"dac_Wave2TD\000"
 1758      57617665 
 1758      32544400 
 1759              	.LASF11:
 1760 01a5 75696E74 		.ascii	"uint32\000"
 1760      333200
 1761              	.LASF50:
 1762 01ac 474E5520 		.ascii	"GNU C 4.9.3 20150303 (release) [ARM/embedded-4_9-br"
 1762      4320342E 
 1762      392E3320 
 1762      32303135 
 1762      30333033 
 1763 01df 616E6368 		.ascii	"anch revision 221220] -mcpu=cortex-m3 -mthumb -g -O"
 1763      20726576 
 1763      6973696F 
 1763      6E203232 
 1763      31323230 
 1764 0212 67202D66 		.ascii	"g -ffunction-sections -ffat-lto-objects\000"
 1764      66756E63 
 1764      74696F6E 
 1764      2D736563 
ARM GAS  C:\Users\student\AppData\Local\Temp\ccDo4gUc.s 			page 39


 1764      74696F6E 
 1765              	.LASF34:
 1766 023a 6461635F 		.ascii	"dac_initVar\000"
 1766      696E6974 
 1766      56617200 
 1767              	.LASF8:
 1768 0246 756E7369 		.ascii	"unsigned int\000"
 1768      676E6564 
 1768      20696E74 
 1768      00
 1769              	.LASF44:
 1770 0253 4379446D 		.ascii	"CyDmaChSetInitialTd\000"
 1770      61436853 
 1770      6574496E 
 1770      69746961 
 1770      6C546400 
 1771              	.LASF7:
 1772 0267 6C6F6E67 		.ascii	"long long unsigned int\000"
 1772      206C6F6E 
 1772      6720756E 
 1772      7369676E 
 1772      65642069 
 1773              	.LASF23:
 1774 027e 6461635F 		.ascii	"dac_Init\000"
 1774      496E6974 
 1774      00
 1775              	.LASF48:
 1776 0287 6461635F 		.ascii	"dac_VDAC8_SetSpeed\000"
 1776      56444143 
 1776      385F5365 
 1776      74537065 
 1776      656400
 1777              	.LASF45:
 1778 029a 6461635F 		.ascii	"dac_Wave2_DMA_DmaInitialize\000"
 1778      57617665 
 1778      325F444D 
 1778      415F446D 
 1778      61496E69 
 1779              	.LASF16:
 1780 02b6 73697A65 		.ascii	"sizetype\000"
 1780      74797065 
 1780      00
 1781              	.LASF6:
 1782 02bf 6C6F6E67 		.ascii	"long long int\000"
 1782      206C6F6E 
 1782      6720696E 
 1782      7400
 1783              	.LASF14:
 1784 02cd 63686172 		.ascii	"char\000"
 1784      00
 1785              	.LASF25:
 1786 02d2 6461635F 		.ascii	"dac_StartEx\000"
 1786      53746172 
 1786      74457800 
 1787              	.LASF2:
 1788 02de 73686F72 		.ascii	"short int\000"
 1788      7420696E 
ARM GAS  C:\Users\student\AppData\Local\Temp\ccDo4gUc.s 			page 40


 1788      7400
 1789              	.LASF32:
 1790 02e8 6461635F 		.ascii	"dac_Wave1TD\000"
 1790      57617665 
 1790      31544400 
 1791              	.LASF46:
 1792 02f4 6461635F 		.ascii	"dac_VDAC8_Init\000"
 1792      56444143 
 1792      385F496E 
 1792      697400
 1793              	.LASF41:
 1794 0303 6461635F 		.ascii	"dac_Wave1_DMA_DmaInitialize\000"
 1794      57617665 
 1794      315F444D 
 1794      415F446D 
 1794      61496E69 
 1795              	.LASF17:
 1796 031f 6461635F 		.ascii	"dac_Enable\000"
 1796      456E6162 
 1796      6C6500
 1797              	.LASF4:
 1798 032a 6C6F6E67 		.ascii	"long int\000"
 1798      20696E74 
 1798      00
 1799              	.LASF30:
 1800 0333 6461635F 		.ascii	"dac_Wave1Chan\000"
 1800      57617665 
 1800      31436861 
 1800      6E00
 1801              	.LASF0:
 1802 0341 7369676E 		.ascii	"signed char\000"
 1802      65642063 
 1802      68617200 
 1803              	.LASF38:
 1804 034d 4379446D 		.ascii	"CyDmaChDisable\000"
 1804      61436844 
 1804      69736162 
 1804      6C6500
 1805              	.LASF51:
 1806 035c 2E5C4765 		.ascii	".\\Generated_Source\\PSoC5\\dac.c\000"
 1806      6E657261 
 1806      7465645F 
 1806      536F7572 
 1806      63655C50 
 1807              	.LASF18:
 1808 037b 6461635F 		.ascii	"dac_Stop\000"
 1808      53746F70 
 1808      00
 1809              		.ident	"GCC: (GNU Tools for ARM Embedded Processors) 4.9.3 20150303 (release) [ARM/embedded-4_9-br
