--------------- Rebuild Started: 05/12/2025 20:39:43 Project: Jazzy_Dude, Configuration: ARM GCC 4.9-2015-q1-update Debug ---------------
Deleting file ".\CortexM3\ARM_GCC_493\Debug\main.o"
Deleting file ".\CortexM3\ARM_GCC_493\Debug\cyfitter_cfg.o"
Deleting file ".\CortexM3\ARM_GCC_493\Debug\cymetadata.o"
Deleting file ".\CortexM3\ARM_GCC_493\Debug\Cm3Start.o"
Deleting file ".\CortexM3\ARM_GCC_493\Debug\CyBootAsmGnu.o"
Deleting file ".\CortexM3\ARM_GCC_493\Debug\CyDmac.o"
Deleting file ".\CortexM3\ARM_GCC_493\Debug\CyFlash.o"
Deleting file ".\CortexM3\ARM_GCC_493\Debug\CyLib.o"
Deleting file ".\CortexM3\ARM_GCC_493\Debug\cyPm.o"
Deleting file ".\CortexM3\ARM_GCC_493\Debug\CySpc.o"
Deleting file ".\CortexM3\ARM_GCC_493\Debug\cyutils.o"
Deleting file ".\CortexM3\ARM_GCC_493\Debug\SaxDac.o"
Deleting file ".\CortexM3\ARM_GCC_493\Debug\SaxDac_PM.o"
Deleting file ".\CortexM3\ARM_GCC_493\Debug\sax_isr.o"
Deleting file ".\CortexM3\ARM_GCC_493\Debug\Clock_1.o"
Deleting file ".\CortexM3\ARM_GCC_493\Debug\sax_clk.o"
Deleting file ".\CortexM3\ARM_GCC_493\Debug\LCD_Char_1.o"
Deleting file ".\CortexM3\ARM_GCC_493\Debug\LCD_Char_1_PM.o"
Deleting file ".\CortexM3\ARM_GCC_493\Debug\LCD_Char_1_BarGraph.o"
Deleting file ".\CortexM3\ARM_GCC_493\Debug\LCD_Char_1_LCDPort.o"
Deleting file ".\CortexM3\ARM_GCC_493\Debug\lcd_isr.o"
Deleting file ".\CortexM3\ARM_GCC_493\Debug\led.o"
Deleting file ".\CortexM3\ARM_GCC_493\Debug\led1.o"
Deleting file ".\CortexM3\ARM_GCC_493\Debug\testy.o"
Deleting file ".\CortexM3\ARM_GCC_493\Debug\PianoDac.o"
Deleting file ".\CortexM3\ARM_GCC_493\Debug\PianoDac_PM.o"
Deleting file ".\CortexM3\ARM_GCC_493\Debug\piano_clk.o"
Deleting file ".\CortexM3\ARM_GCC_493\Debug\piano_isr.o"
Deleting file ".\CortexM3\ARM_GCC_493\Debug\Pot_1.o"
Deleting file ".\CortexM3\ARM_GCC_493\Debug\BPM_ADC.o"
Deleting file ".\CortexM3\ARM_GCC_493\Debug\BPM_ADC_PM.o"
Deleting file ".\CortexM3\ARM_GCC_493\Debug\BPM_ADC_INT.o"
Deleting file ".\CortexM3\ARM_GCC_493\Debug\BPM_ADC_AMux.o"
Deleting file ".\CortexM3\ARM_GCC_493\Debug\BPM_ADC_Ext_CP_Clk.o"
Deleting file ".\CortexM3\ARM_GCC_493\Debug\BPM_ADC_IRQ.o"
Deleting file ".\CortexM3\ARM_GCC_493\Debug\BPM_ADC_theACLK.o"
Deleting file ".\CortexM3\ARM_GCC_493\Debug\PITCH_ADC.o"
Deleting file ".\CortexM3\ARM_GCC_493\Debug\PITCH_ADC_INT.o"
Deleting file ".\CortexM3\ARM_GCC_493\Debug\PITCH_ADC_PM.o"
Deleting file ".\CortexM3\ARM_GCC_493\Debug\POT_2.o"
Deleting file ".\CortexM3\ARM_GCC_493\Debug\PITCH_ADC_IRQ.o"
Deleting file ".\CortexM3\ARM_GCC_493\Debug\PITCH_ADC_theACLK.o"
Deleting file ".\CortexM3\ARM_GCC_493\Debug\PITCH_ADC_Bypass.o"
Deleting file ".\CortexM3\ARM_GCC_493\Debug\Audio_Out1.o"
Deleting file ".\CortexM3\ARM_GCC_493\Debug\Audio_Out2.o"
Deleting file ".\CortexM3\ARM_GCC_493\Debug\Btn_1.o"
Deleting file ".\CortexM3\ARM_GCC_493\Debug\Btn_2.o"
Deleting file ".\CortexM3\ARM_GCC_493\Debug\Mode_Switch.o"
Deleting file ".\CortexM3\ARM_GCC_493\Debug\Out_1.o"
Deleting file ".\CortexM3\ARM_GCC_493\Debug\Jazzy_Dude.hex"
Deleting file ".\CortexM3\ARM_GCC_493\Debug\Jazzy_Dude.elf"
Deleting file ".\CortexM3\ARM_GCC_493\Debug\Jazzy_Dude.map"
Deleting file ".\Jazzy_Dude.cycdx"
Deleting file ".\Jazzy_Dude.svd"
Deleting file ".\Jazzy_Dude.rpt"
Deleting file ".\Jazzy_Dude_timing.html"
Deleting file ".\CortexM3\ARM_GCC_493\Debug\.deps\C_FILE.P"
Deleting file ".\CortexM3\ARM_GCC_493\Debug\.deps\ARM_C_FILE.P"
Deleting file ".\CortexM3\ARM_GCC_493\Debug\.deps\GNU_ARM_ASM_FILE.P"
cydsfit.exe -.appdatapath "C:\Users\student\AppData\Local\Cypress Semiconductor\PSoC Creator\3.3" -.fdsnotice -.fdswarpdepfile=warp_dependencies.txt -.fdselabdepfile=elab_dependencies.txt -.fdsbldfile=generated_files.txt -p "E:\final project\Workspace01\Jazzy_Dude.cydsn\Jazzy_Dude.cyprj" -d CY8C5868AXI-LP035 -s "E:\final project\Workspace01\Jazzy_Dude.cydsn\Generated_Source\PSoC5" -- -yv2 -q10 -ygs -o2 -v3 -.fftcfgtype=LE
Elaborating Design...
ADD: pft.M0028: warning: Clock Warning: (Clock_1's accuracy range '30.303  Hz -50% +100%, (15.152  Hz - 60.606  Hz)' is not within the specified tolerance range '30  Hz +/- 5%, (28.5  Hz - 31.5  Hz)'.).
 * E:\final project\Workspace01\Jazzy_Dude.cydsn\Jazzy_Dude.cydwr (Clock_1)
 * E:\final project\Workspace01\Jazzy_Dude.cydsn\TopDesign\TopDesign.cysch (Instance:Clock_1)
HDL Generation ...
Synthesis ...
Place and Route ...
Tech mapping ...
ADD: pft.M0040: information: The following 1 pin(s) will be assigned a location by the fitter: \PITCH_ADC:Bypass(0)\
Analog Placement ...
Info: apr.M0002: Analog signal "\BPM_ADC:Net_35\" is connected to one terminal only. (App=cydsfit)
Log: apr.M0058: The analog placement iterative improvement is 47% done. (App=cydsfit)
Log: apr.M0058: The analog placement iterative improvement is 77% done. (App=cydsfit)
Analog Routing ...
Analog Code Generation ...
Digital Placement ...
Digital Routing ...
Bitstream Generation ...
Static timing analysis ...
API Generation ...
Dependency Generation ...
Clean Temporary Files ...
arm-none-eabi-gcc.exe -mcpu=cortex-m3 -mthumb -Wno-main -I. -IGenerated_Source\PSoC5 -Wa,-alh=.\CortexM3\ARM_GCC_493\Debug/main.lst -g -D DEBUG -Wall -ffunction-sections -Og -ffat-lto-objects -c .\main.c -o .\CortexM3\ARM_GCC_493\Debug\main.o
.\main.c: In function 'main':
.\main.c:969:19: warning: 'LEDTick' may be used uninitialized in this function [-Wmaybe-uninitialized]
         if(msTicks-LEDTick>=350){
                   ^
arm-none-eabi-gcc.exe -mcpu=cortex-m3 -mthumb -Wno-main -I. -IGenerated_Source\PSoC5 -Wa,-alh=.\CortexM3\ARM_GCC_493\Debug/cyfitter_cfg.lst -g -D DEBUG -Wall -ffunction-sections -Og -ffat-lto-objects -c .\Generated_Source\PSoC5\cyfitter_cfg.c -o .\CortexM3\ARM_GCC_493\Debug\cyfitter_cfg.o
arm-none-eabi-gcc.exe -mcpu=cortex-m3 -mthumb -Wno-main -I. -IGenerated_Source\PSoC5 -Wa,-alh=.\CortexM3\ARM_GCC_493\Debug/cymetadata.lst -g -D DEBUG -Wall -ffunction-sections -Og -ffat-lto-objects -c .\Generated_Source\PSoC5\cymetadata.c -o .\CortexM3\ARM_GCC_493\Debug\cymetadata.o
arm-none-eabi-gcc.exe -mcpu=cortex-m3 -mthumb -Wno-main -I. -IGenerated_Source\PSoC5 -Wa,-alh=.\CortexM3\ARM_GCC_493\Debug/Cm3Start.lst -g -D DEBUG -Wall -ffunction-sections -Og -ffat-lto-objects -c .\Generated_Source\PSoC5\Cm3Start.c -o .\CortexM3\ARM_GCC_493\Debug\Cm3Start.o
arm-none-eabi-as.exe -mcpu=cortex-m3 -mthumb -I. -IGenerated_Source\PSoC5 -alh=.\CortexM3\ARM_GCC_493\Debug/CyBootAsmGnu.lst -g -W -o .\CortexM3\ARM_GCC_493\Debug\CyBootAsmGnu.o .\Generated_Source\PSoC5\CyBootAsmGnu.s
arm-none-eabi-gcc.exe -mcpu=cortex-m3 -mthumb -Wno-main -I. -IGenerated_Source\PSoC5 -Wa,-alh=.\CortexM3\ARM_GCC_493\Debug/CyDmac.lst -g -D DEBUG -Wall -ffunction-sections -Og -ffat-lto-objects -c .\Generated_Source\PSoC5\CyDmac.c -o .\CortexM3\ARM_GCC_493\Debug\CyDmac.o
arm-none-eabi-gcc.exe -mcpu=cortex-m3 -mthumb -Wno-main -I. -IGenerated_Source\PSoC5 -Wa,-alh=.\CortexM3\ARM_GCC_493\Debug/CyFlash.lst -g -D DEBUG -Wall -ffunction-sections -Og -ffat-lto-objects -c .\Generated_Source\PSoC5\CyFlash.c -o .\CortexM3\ARM_GCC_493\Debug\CyFlash.o
arm-none-eabi-gcc.exe -mcpu=cortex-m3 -mthumb -Wno-main -I. -IGenerated_Source\PSoC5 -Wa,-alh=.\CortexM3\ARM_GCC_493\Debug/CyLib.lst -g -D DEBUG -Wall -ffunction-sections -Og -ffat-lto-objects -c .\Generated_Source\PSoC5\CyLib.c -o .\CortexM3\ARM_GCC_493\Debug\CyLib.o
arm-none-eabi-gcc.exe -mcpu=cortex-m3 -mthumb -Wno-main -I. -IGenerated_Source\PSoC5 -Wa,-alh=.\CortexM3\ARM_GCC_493\Debug/cyPm.lst -g -D DEBUG -Wall -ffunction-sections -Og -ffat-lto-objects -c .\Generated_Source\PSoC5\cyPm.c -o .\CortexM3\ARM_GCC_493\Debug\cyPm.o
arm-none-eabi-gcc.exe -mcpu=cortex-m3 -mthumb -Wno-main -I. -IGenerated_Source\PSoC5 -Wa,-alh=.\CortexM3\ARM_GCC_493\Debug/CySpc.lst -g -D DEBUG -Wall -ffunction-sections -Og -ffat-lto-objects -c .\Generated_Source\PSoC5\CySpc.c -o .\CortexM3\ARM_GCC_493\Debug\CySpc.o
arm-none-eabi-gcc.exe -mcpu=cortex-m3 -mthumb -Wno-main -I. -IGenerated_Source\PSoC5 -Wa,-alh=.\CortexM3\ARM_GCC_493\Debug/cyutils.lst -g -D DEBUG -Wall -ffunction-sections -Og -ffat-lto-objects -c .\Generated_Source\PSoC5\cyutils.c -o .\CortexM3\ARM_GCC_493\Debug\cyutils.o
arm-none-eabi-gcc.exe -mcpu=cortex-m3 -mthumb -Wno-main -I. -IGenerated_Source\PSoC5 -Wa,-alh=.\CortexM3\ARM_GCC_493\Debug/SaxDac.lst -g -D DEBUG -Wall -ffunction-sections -Og -ffat-lto-objects -c .\Generated_Source\PSoC5\SaxDac.c -o .\CortexM3\ARM_GCC_493\Debug\SaxDac.o
arm-none-eabi-gcc.exe -mcpu=cortex-m3 -mthumb -Wno-main -I. -IGenerated_Source\PSoC5 -Wa,-alh=.\CortexM3\ARM_GCC_493\Debug/SaxDac_PM.lst -g -D DEBUG -Wall -ffunction-sections -Og -ffat-lto-objects -c .\Generated_Source\PSoC5\SaxDac_PM.c -o .\CortexM3\ARM_GCC_493\Debug\SaxDac_PM.o
arm-none-eabi-gcc.exe -mcpu=cortex-m3 -mthumb -Wno-main -I. -IGenerated_Source\PSoC5 -Wa,-alh=.\CortexM3\ARM_GCC_493\Debug/sax_isr.lst -g -D DEBUG -Wall -ffunction-sections -Og -ffat-lto-objects -c .\Generated_Source\PSoC5\sax_isr.c -o .\CortexM3\ARM_GCC_493\Debug\sax_isr.o
arm-none-eabi-gcc.exe -mcpu=cortex-m3 -mthumb -Wno-main -I. -IGenerated_Source\PSoC5 -Wa,-alh=.\CortexM3\ARM_GCC_493\Debug/Clock_1.lst -g -D DEBUG -Wall -ffunction-sections -Og -ffat-lto-objects -c .\Generated_Source\PSoC5\Clock_1.c -o .\CortexM3\ARM_GCC_493\Debug\Clock_1.o
arm-none-eabi-gcc.exe -mcpu=cortex-m3 -mthumb -Wno-main -I. -IGenerated_Source\PSoC5 -Wa,-alh=.\CortexM3\ARM_GCC_493\Debug/sax_clk.lst -g -D DEBUG -Wall -ffunction-sections -Og -ffat-lto-objects -c .\Generated_Source\PSoC5\sax_clk.c -o .\CortexM3\ARM_GCC_493\Debug\sax_clk.o
arm-none-eabi-gcc.exe -mcpu=cortex-m3 -mthumb -Wno-main -I. -IGenerated_Source\PSoC5 -Wa,-alh=.\CortexM3\ARM_GCC_493\Debug/LCD_Char_1.lst -g -D DEBUG -Wall -ffunction-sections -Og -ffat-lto-objects -c .\Generated_Source\PSoC5\LCD_Char_1.c -o .\CortexM3\ARM_GCC_493\Debug\LCD_Char_1.o
arm-none-eabi-gcc.exe -mcpu=cortex-m3 -mthumb -Wno-main -I. -IGenerated_Source\PSoC5 -Wa,-alh=.\CortexM3\ARM_GCC_493\Debug/LCD_Char_1_PM.lst -g -D DEBUG -Wall -ffunction-sections -Og -ffat-lto-objects -c .\Generated_Source\PSoC5\LCD_Char_1_PM.c -o .\CortexM3\ARM_GCC_493\Debug\LCD_Char_1_PM.o
arm-none-eabi-gcc.exe -mcpu=cortex-m3 -mthumb -Wno-main -I. -IGenerated_Source\PSoC5 -Wa,-alh=.\CortexM3\ARM_GCC_493\Debug/LCD_Char_1_BarGraph.lst -g -D DEBUG -Wall -ffunction-sections -Og -ffat-lto-objects -c .\Generated_Source\PSoC5\LCD_Char_1_BarGraph.c -o .\CortexM3\ARM_GCC_493\Debug\LCD_Char_1_BarGraph.o
arm-none-eabi-gcc.exe -mcpu=cortex-m3 -mthumb -Wno-main -I. -IGenerated_Source\PSoC5 -Wa,-alh=.\CortexM3\ARM_GCC_493\Debug/LCD_Char_1_LCDPort.lst -g -D DEBUG -Wall -ffunction-sections -Og -ffat-lto-objects -c .\Generated_Source\PSoC5\LCD_Char_1_LCDPort.c -o .\CortexM3\ARM_GCC_493\Debug\LCD_Char_1_LCDPort.o
arm-none-eabi-gcc.exe -mcpu=cortex-m3 -mthumb -Wno-main -I. -IGenerated_Source\PSoC5 -Wa,-alh=.\CortexM3\ARM_GCC_493\Debug/lcd_isr.lst -g -D DEBUG -Wall -ffunction-sections -Og -ffat-lto-objects -c .\Generated_Source\PSoC5\lcd_isr.c -o .\CortexM3\ARM_GCC_493\Debug\lcd_isr.o
arm-none-eabi-gcc.exe -mcpu=cortex-m3 -mthumb -Wno-main -I. -IGenerated_Source\PSoC5 -Wa,-alh=.\CortexM3\ARM_GCC_493\Debug/led.lst -g -D DEBUG -Wall -ffunction-sections -Og -ffat-lto-objects -c .\Generated_Source\PSoC5\led.c -o .\CortexM3\ARM_GCC_493\Debug\led.o
arm-none-eabi-gcc.exe -mcpu=cortex-m3 -mthumb -Wno-main -I. -IGenerated_Source\PSoC5 -Wa,-alh=.\CortexM3\ARM_GCC_493\Debug/led1.lst -g -D DEBUG -Wall -ffunction-sections -Og -ffat-lto-objects -c .\Generated_Source\PSoC5\led1.c -o .\CortexM3\ARM_GCC_493\Debug\led1.o
arm-none-eabi-gcc.exe -mcpu=cortex-m3 -mthumb -Wno-main -I. -IGenerated_Source\PSoC5 -Wa,-alh=.\CortexM3\ARM_GCC_493\Debug/testy.lst -g -D DEBUG -Wall -ffunction-sections -Og -ffat-lto-objects -c .\Generated_Source\PSoC5\testy.c -o .\CortexM3\ARM_GCC_493\Debug\testy.o
arm-none-eabi-gcc.exe -mcpu=cortex-m3 -mthumb -Wno-main -I. -IGenerated_Source\PSoC5 -Wa,-alh=.\CortexM3\ARM_GCC_493\Debug/PianoDac.lst -g -D DEBUG -Wall -ffunction-sections -Og -ffat-lto-objects -c .\Generated_Source\PSoC5\PianoDac.c -o .\CortexM3\ARM_GCC_493\Debug\PianoDac.o
arm-none-eabi-gcc.exe -mcpu=cortex-m3 -mthumb -Wno-main -I. -IGenerated_Source\PSoC5 -Wa,-alh=.\CortexM3\ARM_GCC_493\Debug/PianoDac_PM.lst -g -D DEBUG -Wall -ffunction-sections -Og -ffat-lto-objects -c .\Generated_Source\PSoC5\PianoDac_PM.c -o .\CortexM3\ARM_GCC_493\Debug\PianoDac_PM.o
arm-none-eabi-gcc.exe -mcpu=cortex-m3 -mthumb -Wno-main -I. -IGenerated_Source\PSoC5 -Wa,-alh=.\CortexM3\ARM_GCC_493\Debug/piano_clk.lst -g -D DEBUG -Wall -ffunction-sections -Og -ffat-lto-objects -c .\Generated_Source\PSoC5\piano_clk.c -o .\CortexM3\ARM_GCC_493\Debug\piano_clk.o
arm-none-eabi-gcc.exe -mcpu=cortex-m3 -mthumb -Wno-main -I. -IGenerated_Source\PSoC5 -Wa,-alh=.\CortexM3\ARM_GCC_493\Debug/piano_isr.lst -g -D DEBUG -Wall -ffunction-sections -Og -ffat-lto-objects -c .\Generated_Source\PSoC5\piano_isr.c -o .\CortexM3\ARM_GCC_493\Debug\piano_isr.o
arm-none-eabi-gcc.exe -mcpu=cortex-m3 -mthumb -Wno-main -I. -IGenerated_Source\PSoC5 -Wa,-alh=.\CortexM3\ARM_GCC_493\Debug/Pot_1.lst -g -D DEBUG -Wall -ffunction-sections -Og -ffat-lto-objects -c .\Generated_Source\PSoC5\Pot_1.c -o .\CortexM3\ARM_GCC_493\Debug\Pot_1.o
arm-none-eabi-gcc.exe -mcpu=cortex-m3 -mthumb -Wno-main -I. -IGenerated_Source\PSoC5 -Wa,-alh=.\CortexM3\ARM_GCC_493\Debug/BPM_ADC.lst -g -D DEBUG -Wall -ffunction-sections -Og -ffat-lto-objects -c .\Generated_Source\PSoC5\BPM_ADC.c -o .\CortexM3\ARM_GCC_493\Debug\BPM_ADC.o
arm-none-eabi-gcc.exe -mcpu=cortex-m3 -mthumb -Wno-main -I. -IGenerated_Source\PSoC5 -Wa,-alh=.\CortexM3\ARM_GCC_493\Debug/BPM_ADC_PM.lst -g -D DEBUG -Wall -ffunction-sections -Og -ffat-lto-objects -c .\Generated_Source\PSoC5\BPM_ADC_PM.c -o .\CortexM3\ARM_GCC_493\Debug\BPM_ADC_PM.o
arm-none-eabi-gcc.exe -mcpu=cortex-m3 -mthumb -Wno-main -I. -IGenerated_Source\PSoC5 -Wa,-alh=.\CortexM3\ARM_GCC_493\Debug/BPM_ADC_INT.lst -g -D DEBUG -Wall -ffunction-sections -Og -ffat-lto-objects -c .\Generated_Source\PSoC5\BPM_ADC_INT.c -o .\CortexM3\ARM_GCC_493\Debug\BPM_ADC_INT.o
arm-none-eabi-gcc.exe -mcpu=cortex-m3 -mthumb -Wno-main -I. -IGenerated_Source\PSoC5 -Wa,-alh=.\CortexM3\ARM_GCC_493\Debug/BPM_ADC_AMux.lst -g -D DEBUG -Wall -ffunction-sections -Og -ffat-lto-objects -c .\Generated_Source\PSoC5\BPM_ADC_AMux.c -o .\CortexM3\ARM_GCC_493\Debug\BPM_ADC_AMux.o
arm-none-eabi-gcc.exe -mcpu=cortex-m3 -mthumb -Wno-main -I. -IGenerated_Source\PSoC5 -Wa,-alh=.\CortexM3\ARM_GCC_493\Debug/BPM_ADC_Ext_CP_Clk.lst -g -D DEBUG -Wall -ffunction-sections -Og -ffat-lto-objects -c .\Generated_Source\PSoC5\BPM_ADC_Ext_CP_Clk.c -o .\CortexM3\ARM_GCC_493\Debug\BPM_ADC_Ext_CP_Clk.o
arm-none-eabi-gcc.exe -mcpu=cortex-m3 -mthumb -Wno-main -I. -IGenerated_Source\PSoC5 -Wa,-alh=.\CortexM3\ARM_GCC_493\Debug/BPM_ADC_IRQ.lst -g -D DEBUG -Wall -ffunction-sections -Og -ffat-lto-objects -c .\Generated_Source\PSoC5\BPM_ADC_IRQ.c -o .\CortexM3\ARM_GCC_493\Debug\BPM_ADC_IRQ.o
arm-none-eabi-gcc.exe -mcpu=cortex-m3 -mthumb -Wno-main -I. -IGenerated_Source\PSoC5 -Wa,-alh=.\CortexM3\ARM_GCC_493\Debug/BPM_ADC_theACLK.lst -g -D DEBUG -Wall -ffunction-sections -Og -ffat-lto-objects -c .\Generated_Source\PSoC5\BPM_ADC_theACLK.c -o .\CortexM3\ARM_GCC_493\Debug\BPM_ADC_theACLK.o
arm-none-eabi-gcc.exe -mcpu=cortex-m3 -mthumb -Wno-main -I. -IGenerated_Source\PSoC5 -Wa,-alh=.\CortexM3\ARM_GCC_493\Debug/PITCH_ADC.lst -g -D DEBUG -Wall -ffunction-sections -Og -ffat-lto-objects -c .\Generated_Source\PSoC5\PITCH_ADC.c -o .\CortexM3\ARM_GCC_493\Debug\PITCH_ADC.o
arm-none-eabi-gcc.exe -mcpu=cortex-m3 -mthumb -Wno-main -I. -IGenerated_Source\PSoC5 -Wa,-alh=.\CortexM3\ARM_GCC_493\Debug/PITCH_ADC_INT.lst -g -D DEBUG -Wall -ffunction-sections -Og -ffat-lto-objects -c .\Generated_Source\PSoC5\PITCH_ADC_INT.c -o .\CortexM3\ARM_GCC_493\Debug\PITCH_ADC_INT.o
arm-none-eabi-gcc.exe -mcpu=cortex-m3 -mthumb -Wno-main -I. -IGenerated_Source\PSoC5 -Wa,-alh=.\CortexM3\ARM_GCC_493\Debug/PITCH_ADC_PM.lst -g -D DEBUG -Wall -ffunction-sections -Og -ffat-lto-objects -c .\Generated_Source\PSoC5\PITCH_ADC_PM.c -o .\CortexM3\ARM_GCC_493\Debug\PITCH_ADC_PM.o
arm-none-eabi-gcc.exe -mcpu=cortex-m3 -mthumb -Wno-main -I. -IGenerated_Source\PSoC5 -Wa,-alh=.\CortexM3\ARM_GCC_493\Debug/POT_2.lst -g -D DEBUG -Wall -ffunction-sections -Og -ffat-lto-objects -c .\Generated_Source\PSoC5\POT_2.c -o .\CortexM3\ARM_GCC_493\Debug\POT_2.o
arm-none-eabi-gcc.exe -mcpu=cortex-m3 -mthumb -Wno-main -I. -IGenerated_Source\PSoC5 -Wa,-alh=.\CortexM3\ARM_GCC_493\Debug/PITCH_ADC_IRQ.lst -g -D DEBUG -Wall -ffunction-sections -Og -ffat-lto-objects -c .\Generated_Source\PSoC5\PITCH_ADC_IRQ.c -o .\CortexM3\ARM_GCC_493\Debug\PITCH_ADC_IRQ.o
arm-none-eabi-gcc.exe -mcpu=cortex-m3 -mthumb -Wno-main -I. -IGenerated_Source\PSoC5 -Wa,-alh=.\CortexM3\ARM_GCC_493\Debug/PITCH_ADC_theACLK.lst -g -D DEBUG -Wall -ffunction-sections -Og -ffat-lto-objects -c .\Generated_Source\PSoC5\PITCH_ADC_theACLK.c -o .\CortexM3\ARM_GCC_493\Debug\PITCH_ADC_theACLK.o
arm-none-eabi-gcc.exe -mcpu=cortex-m3 -mthumb -Wno-main -I. -IGenerated_Source\PSoC5 -Wa,-alh=.\CortexM3\ARM_GCC_493\Debug/PITCH_ADC_Bypass.lst -g -D DEBUG -Wall -ffunction-sections -Og -ffat-lto-objects -c .\Generated_Source\PSoC5\PITCH_ADC_Bypass.c -o .\CortexM3\ARM_GCC_493\Debug\PITCH_ADC_Bypass.o
arm-none-eabi-gcc.exe -mcpu=cortex-m3 -mthumb -Wno-main -I. -IGenerated_Source\PSoC5 -Wa,-alh=.\CortexM3\ARM_GCC_493\Debug/Audio_Out1.lst -g -D DEBUG -Wall -ffunction-sections -Og -ffat-lto-objects -c .\Generated_Source\PSoC5\Audio_Out1.c -o .\CortexM3\ARM_GCC_493\Debug\Audio_Out1.o
arm-none-eabi-gcc.exe -mcpu=cortex-m3 -mthumb -Wno-main -I. -IGenerated_Source\PSoC5 -Wa,-alh=.\CortexM3\ARM_GCC_493\Debug/Audio_Out2.lst -g -D DEBUG -Wall -ffunction-sections -Og -ffat-lto-objects -c .\Generated_Source\PSoC5\Audio_Out2.c -o .\CortexM3\ARM_GCC_493\Debug\Audio_Out2.o
arm-none-eabi-gcc.exe -mcpu=cortex-m3 -mthumb -Wno-main -I. -IGenerated_Source\PSoC5 -Wa,-alh=.\CortexM3\ARM_GCC_493\Debug/Btn_1.lst -g -D DEBUG -Wall -ffunction-sections -Og -ffat-lto-objects -c .\Generated_Source\PSoC5\Btn_1.c -o .\CortexM3\ARM_GCC_493\Debug\Btn_1.o
arm-none-eabi-gcc.exe -mcpu=cortex-m3 -mthumb -Wno-main -I. -IGenerated_Source\PSoC5 -Wa,-alh=.\CortexM3\ARM_GCC_493\Debug/Btn_2.lst -g -D DEBUG -Wall -ffunction-sections -Og -ffat-lto-objects -c .\Generated_Source\PSoC5\Btn_2.c -o .\CortexM3\ARM_GCC_493\Debug\Btn_2.o
arm-none-eabi-gcc.exe -mcpu=cortex-m3 -mthumb -Wno-main -I. -IGenerated_Source\PSoC5 -Wa,-alh=.\CortexM3\ARM_GCC_493\Debug/Mode_Switch.lst -g -D DEBUG -Wall -ffunction-sections -Og -ffat-lto-objects -c .\Generated_Source\PSoC5\Mode_Switch.c -o .\CortexM3\ARM_GCC_493\Debug\Mode_Switch.o
arm-none-eabi-gcc.exe -mcpu=cortex-m3 -mthumb -Wno-main -I. -IGenerated_Source\PSoC5 -Wa,-alh=.\CortexM3\ARM_GCC_493\Debug/Out_1.lst -g -D DEBUG -Wall -ffunction-sections -Og -ffat-lto-objects -c .\Generated_Source\PSoC5\Out_1.c -o .\CortexM3\ARM_GCC_493\Debug\Out_1.o
arm-none-eabi-ar.exe -rs .\CortexM3\ARM_GCC_493\Debug\Jazzy_Dude.a .\CortexM3\ARM_GCC_493\Debug\cyfitter_cfg.o .\CortexM3\ARM_GCC_493\Debug\CyBootAsmGnu.o .\CortexM3\ARM_GCC_493\Debug\CyDmac.o .\CortexM3\ARM_GCC_493\Debug\CyFlash.o .\CortexM3\ARM_GCC_493\Debug\CyLib.o .\CortexM3\ARM_GCC_493\Debug\cyPm.o .\CortexM3\ARM_GCC_493\Debug\CySpc.o .\CortexM3\ARM_GCC_493\Debug\cyutils.o .\CortexM3\ARM_GCC_493\Debug\SaxDac.o .\CortexM3\ARM_GCC_493\Debug\SaxDac_PM.o .\CortexM3\ARM_GCC_493\Debug\sax_isr.o .\CortexM3\ARM_GCC_493\Debug\Clock_1.o .\CortexM3\ARM_GCC_493\Debug\sax_clk.o .\CortexM3\ARM_GCC_493\Debug\LCD_Char_1.o .\CortexM3\ARM_GCC_493\Debug\LCD_Char_1_PM.o .\CortexM3\ARM_GCC_493\Debug\LCD_Char_1_BarGraph.o .\CortexM3\ARM_GCC_493\Debug\LCD_Char_1_LCDPort.o .\CortexM3\ARM_GCC_493\Debug\lcd_isr.o .\CortexM3\ARM_GCC_493\Debug\led.o .\CortexM3\ARM_GCC_493\Debug\led1.o .\CortexM3\ARM_GCC_493\Debug\testy.o .\CortexM3\ARM_GCC_493\Debug\PianoDac.o .\CortexM3\ARM_GCC_493\Debug\PianoDac_PM.o .\CortexM3\ARM_GCC_493\Debug\piano_clk.o .\CortexM3\ARM_GCC_493\Debug\piano_isr.o .\CortexM3\ARM_GCC_493\Debug\Pot_1.o .\CortexM3\ARM_GCC_493\Debug\BPM_ADC.o .\CortexM3\ARM_GCC_493\Debug\BPM_ADC_PM.o .\CortexM3\ARM_GCC_493\Debug\BPM_ADC_INT.o .\CortexM3\ARM_GCC_493\Debug\BPM_ADC_AMux.o .\CortexM3\ARM_GCC_493\Debug\BPM_ADC_Ext_CP_Clk.o .\CortexM3\ARM_GCC_493\Debug\BPM_ADC_IRQ.o .\CortexM3\ARM_GCC_493\Debug\BPM_ADC_theACLK.o .\CortexM3\ARM_GCC_493\Debug\PITCH_ADC.o .\CortexM3\ARM_GCC_493\Debug\PITCH_ADC_INT.o .\CortexM3\ARM_GCC_493\Debug\PITCH_ADC_PM.o .\CortexM3\ARM_GCC_493\Debug\POT_2.o .\CortexM3\ARM_GCC_493\Debug\PITCH_ADC_IRQ.o .\CortexM3\ARM_GCC_493\Debug\PITCH_ADC_theACLK.o .\CortexM3\ARM_GCC_493\Debug\PITCH_ADC_Bypass.o .\CortexM3\ARM_GCC_493\Debug\Audio_Out1.o .\CortexM3\ARM_GCC_493\Debug\Audio_Out2.o .\CortexM3\ARM_GCC_493\Debug\Btn_1.o .\CortexM3\ARM_GCC_493\Debug\Btn_2.o .\CortexM3\ARM_GCC_493\Debug\Mode_Switch.o .\CortexM3\ARM_GCC_493\Debug\Out_1.o
arm-none-eabi-ar.exe: creating .\CortexM3\ARM_GCC_493\Debug\Jazzy_Dude.a
arm-none-eabi-gcc.exe -Wl,--start-group -o .\CortexM3\ARM_GCC_493\Debug\Jazzy_Dude.elf .\CortexM3\ARM_GCC_493\Debug\main.o .\CortexM3\ARM_GCC_493\Debug\cymetadata.o .\CortexM3\ARM_GCC_493\Debug\Cm3Start.o .\CortexM3\ARM_GCC_493\Debug\Jazzy_Dude.a "C:\Program Files (x86)\Cypress\PSoC Creator\3.3\PSoC Creator\psoc\content\cycomponentlibrary\CyComponentLibrary.cylib\CortexM3\ARM_GCC_493\Debug\CyComponentLibrary.a" -mcpu=cortex-m3 -mthumb -g -ffunction-sections -Og -ffat-lto-objects -L Generated_Source\PSoC5 -Wl,-Map,.\CortexM3\ARM_GCC_493\Debug/Jazzy_Dude.map -T Generated_Source\PSoC5\cm3gcc.ld -specs=nano.specs -Wl,--gc-sections -Wl,--end-group
cyelftool.exe -C "E:\final project\Workspace01\Jazzy_Dude.cydsn\CortexM3\ARM_GCC_493\Debug\Jazzy_Dude.elf" --flash_row_size 256 --flash_size 262144
cyelftool.exe -S "E:\final project\Workspace01\Jazzy_Dude.cydsn\CortexM3\ARM_GCC_493\Debug\Jazzy_Dude.elf"
Flash used: 14848 of 262144 bytes (5.7%).
SRAM used: 5421 of 65536 bytes (8.3%). Stack: 2048 bytes. Heap: 128 bytes.
--------------- Rebuild Succeeded: 05/12/2025 20:40:01 ---------------
